[2025-06-06T09:32:12.483+0000] {local_task_job_runner.py:120} INFO - ::group::Pre task execution logs
[2025-06-06T09:32:12.596+0000] {taskinstance.py:2076} INFO - Dependencies all met for dep_context=non-requeueable deps ti=<TaskInstance: cost_efficient_etl_pipeline.run_etl_script manual__2025-06-06T09:31:58.224268+00:00 [queued]>
[2025-06-06T09:32:12.616+0000] {taskinstance.py:2076} INFO - Dependencies all met for dep_context=requeueable deps ti=<TaskInstance: cost_efficient_etl_pipeline.run_etl_script manual__2025-06-06T09:31:58.224268+00:00 [queued]>
[2025-06-06T09:32:12.617+0000] {taskinstance.py:2306} INFO - Starting attempt 1 of 2
[2025-06-06T09:32:12.679+0000] {taskinstance.py:2330} INFO - Executing <Task(PythonOperator): run_etl_script> on 2025-06-06 09:31:58.224268+00:00
[2025-06-06T09:32:12.739+0000] {logging_mixin.py:188} WARNING - /home/***/.local/lib/python3.12/site-packages/***/task/task_runner/standard_task_runner.py:61 DeprecationWarning: This process (pid=238) is multi-threaded, use of fork() may lead to deadlocks in the child.
[2025-06-06T09:32:12.743+0000] {standard_task_runner.py:63} INFO - Started process 281 to run task
[2025-06-06T09:32:12.739+0000] {standard_task_runner.py:90} INFO - Running: ['***', 'tasks', 'run', 'cost_efficient_etl_pipeline', 'run_etl_script', 'manual__2025-06-06T09:31:58.224268+00:00', '--job-id', '3', '--raw', '--subdir', 'DAGS_FOLDER/etl_pipeline_dag.py', '--cfg-path', '/tmp/tmpl724mzm7']
[2025-06-06T09:32:12.840+0000] {standard_task_runner.py:91} INFO - Job 3: Subtask run_etl_script
[2025-06-06T09:32:13.490+0000] {logging_mixin.py:188} WARNING - /home/***/.local/lib/python3.12/site-packages/***/settings.py:195 DeprecationWarning: The sql_alchemy_conn option in [core] has been moved to the sql_alchemy_conn option in [database] - the old setting has been used, but please update your config.
[2025-06-06T09:32:14.162+0000] {task_command.py:426} INFO - Running <TaskInstance: cost_efficient_etl_pipeline.run_etl_script manual__2025-06-06T09:31:58.224268+00:00 [running]> on host 6eea582f3f26
[2025-06-06T09:32:15.002+0000] {taskinstance.py:2648} INFO - Exporting env vars: AIRFLOW_CTX_DAG_OWNER='vaishnavi' AIRFLOW_CTX_DAG_ID='cost_efficient_etl_pipeline' AIRFLOW_CTX_TASK_ID='run_etl_script' AIRFLOW_CTX_EXECUTION_DATE='2025-06-06T09:31:58.224268+00:00' AIRFLOW_CTX_TRY_NUMBER='1' AIRFLOW_CTX_DAG_RUN_ID='manual__2025-06-06T09:31:58.224268+00:00'
[2025-06-06T09:32:15.006+0000] {taskinstance.py:430} INFO - ::endgroup::
[2025-06-06T09:32:15.123+0000] {main_etl.py:27} INFO - Starting ETL process...
[2025-06-06T09:32:15.253+0000] {main_etl.py:30} INFO - Loaded input data with shape (2, 4)
[2025-06-06T09:32:15.270+0000] {main_etl.py:33} INFO - Filtered columns: ['id', 'name', 'value']
[2025-06-06T09:32:15.354+0000] {main_etl.py:37} INFO - Saved cleaned data to data/output/processed_data.csv
[2025-06-06T09:32:15.356+0000] {main_etl.py:39} INFO - ETL pipeline finished successfully ✅
[2025-06-06T09:32:15.359+0000] {python.py:237} INFO - Done. Returned value was: None
[2025-06-06T09:32:15.363+0000] {taskinstance.py:441} INFO - ::group::Post task execution logs
[2025-06-06T09:32:15.429+0000] {taskinstance.py:1206} INFO - Marking task as SUCCESS. dag_id=cost_efficient_etl_pipeline, task_id=run_etl_script, run_id=manual__2025-06-06T09:31:58.224268+00:00, execution_date=20250606T093158, start_date=20250606T093212, end_date=20250606T093215
[2025-06-06T09:32:15.510+0000] {local_task_job_runner.py:240} INFO - Task exited with return code 0
[2025-06-06T09:32:15.563+0000] {taskinstance.py:3498} INFO - 1 downstream tasks scheduled from follow-on schedule check
[2025-06-06T09:32:15.568+0000] {local_task_job_runner.py:222} INFO - ::endgroup::
