[2025-06-06T13:52:48.527+0000] {local_task_job_runner.py:120} INFO - ::group::Pre task execution logs
[2025-06-06T13:52:48.644+0000] {taskinstance.py:2076} INFO - Dependencies all met for dep_context=non-requeueable deps ti=<TaskInstance: cost_efficient_etl_pipeline.run_etl_script manual__2025-06-06T13:52:33.996231+00:00 [queued]>
[2025-06-06T13:52:48.669+0000] {taskinstance.py:2076} INFO - Dependencies all met for dep_context=requeueable deps ti=<TaskInstance: cost_efficient_etl_pipeline.run_etl_script manual__2025-06-06T13:52:33.996231+00:00 [queued]>
[2025-06-06T13:52:48.671+0000] {taskinstance.py:2306} INFO - Starting attempt 1 of 2
[2025-06-06T13:52:48.702+0000] {taskinstance.py:2330} INFO - Executing <Task(PythonOperator): run_etl_script> on 2025-06-06 13:52:33.996231+00:00
[2025-06-06T13:52:48.772+0000] {standard_task_runner.py:90} INFO - Running: ['***', 'tasks', 'run', 'cost_efficient_etl_pipeline', 'run_etl_script', 'manual__2025-06-06T13:52:33.996231+00:00', '--job-id', '11', '--raw', '--subdir', 'DAGS_FOLDER/etl_pipeline_dag.py', '--cfg-path', '/tmp/tmp1au9m74t']
[2025-06-06T13:52:48.781+0000] {warnings.py:110} WARNING - /home/***/.local/lib/python3.12/site-packages/***/task/task_runner/standard_task_runner.py:61: DeprecationWarning: This process (pid=379) is multi-threaded, use of fork() may lead to deadlocks in the child.
  pid = os.fork()

[2025-06-06T13:52:48.786+0000] {standard_task_runner.py:91} INFO - Job 11: Subtask run_etl_script
[2025-06-06T13:52:48.787+0000] {standard_task_runner.py:63} INFO - Started process 393 to run task
[2025-06-06T13:52:48.974+0000] {warnings.py:110} WARNING - /home/***/.local/lib/python3.12/site-packages/***/settings.py:195: DeprecationWarning: The sql_alchemy_conn option in [core] has been moved to the sql_alchemy_conn option in [database] - the old setting has been used, but please update your config.
  SQL_ALCHEMY_CONN = conf.get("database", "SQL_ALCHEMY_CONN")

[2025-06-06T13:52:49.406+0000] {task_command.py:426} INFO - Running <TaskInstance: cost_efficient_etl_pipeline.run_etl_script manual__2025-06-06T13:52:33.996231+00:00 [running]> on host 5203c265b0c6
[2025-06-06T13:52:50.266+0000] {taskinstance.py:2648} INFO - Exporting env vars: AIRFLOW_CTX_DAG_OWNER='vaishnavi' AIRFLOW_CTX_DAG_ID='cost_efficient_etl_pipeline' AIRFLOW_CTX_TASK_ID='run_etl_script' AIRFLOW_CTX_EXECUTION_DATE='2025-06-06T13:52:33.996231+00:00' AIRFLOW_CTX_TRY_NUMBER='1' AIRFLOW_CTX_DAG_RUN_ID='manual__2025-06-06T13:52:33.996231+00:00'
[2025-06-06T13:52:50.270+0000] {taskinstance.py:430} INFO - ::endgroup::
[2025-06-06T13:52:50.427+0000] {main_etl.py:27} INFO - Starting ETL process...
[2025-06-06T13:52:50.605+0000] {main_etl.py:30} INFO - Loaded input data with shape (2, 4)
[2025-06-06T13:52:50.683+0000] {main_etl.py:33} INFO - Filtered columns: ['id', 'name', 'value']
[2025-06-06T13:52:50.761+0000] {main_etl.py:37} INFO - Saved cleaned data to data/output/processed_data.csv
[2025-06-06T13:52:50.762+0000] {main_etl.py:39} INFO - ETL pipeline finished successfully ✅
[2025-06-06T13:52:50.765+0000] {python.py:237} INFO - Done. Returned value was: None
[2025-06-06T13:52:50.770+0000] {taskinstance.py:441} INFO - ::group::Post task execution logs
[2025-06-06T13:52:50.815+0000] {taskinstance.py:1206} INFO - Marking task as SUCCESS. dag_id=cost_efficient_etl_pipeline, task_id=run_etl_script, run_id=manual__2025-06-06T13:52:33.996231+00:00, execution_date=20250606T135233, start_date=20250606T135248, end_date=20250606T135250
[2025-06-06T13:52:50.947+0000] {local_task_job_runner.py:240} INFO - Task exited with return code 0
[2025-06-06T13:52:51.046+0000] {taskinstance.py:3498} INFO - 1 downstream tasks scheduled from follow-on schedule check
[2025-06-06T13:52:51.054+0000] {local_task_job_runner.py:222} INFO - ::endgroup::
