[2025-06-16T12:48:01.270+0000] {local_task_job_runner.py:120} INFO - ::group::Pre task execution logs
[2025-06-16T12:48:01.368+0000] {taskinstance.py:2076} INFO - Dependencies all met for dep_context=non-requeueable deps ti=<TaskInstance: etl_brazil_pipeline.run_etl_script manual__2025-06-16T12:47:50.853434+00:00 [queued]>
[2025-06-16T12:48:01.390+0000] {taskinstance.py:2076} INFO - Dependencies all met for dep_context=requeueable deps ti=<TaskInstance: etl_brazil_pipeline.run_etl_script manual__2025-06-16T12:47:50.853434+00:00 [queued]>
[2025-06-16T12:48:01.392+0000] {taskinstance.py:2306} INFO - Starting attempt 1 of 2
[2025-06-16T12:48:01.422+0000] {taskinstance.py:2330} INFO - Executing <Task(BashOperator): run_etl_script> on 2025-06-16 12:47:50.853434+00:00
[2025-06-16T12:48:01.540+0000] {standard_task_runner.py:90} INFO - Running: ['airflow', 'tasks', 'run', 'etl_brazil_pipeline', 'run_etl_script', 'manual__2025-06-16T12:47:50.853434+00:00', '--job-id', '44', '--raw', '--subdir', 'DAGS_FOLDER/etl_brazil_pipeline.py', '--cfg-path', '/tmp/tmp0vcrl3__']
[2025-06-16T12:48:01.501+0000] {warnings.py:110} WARNING - /home/airflow/.local/lib/python3.12/site-packages/airflow/task/task_runner/standard_task_runner.py:61: DeprecationWarning: This process (pid=346) is multi-threaded, use of fork() may lead to deadlocks in the child.
  pid = os.fork()

[2025-06-16T12:48:01.544+0000] {standard_task_runner.py:63} INFO - Started process 362 to run task
[2025-06-16T12:48:01.544+0000] {standard_task_runner.py:91} INFO - Job 44: Subtask run_etl_script
[2025-06-16T12:48:01.853+0000] {warnings.py:110} WARNING - /home/airflow/.local/lib/python3.12/site-packages/airflow/settings.py:195: DeprecationWarning: The sql_alchemy_conn option in [core] has been moved to the sql_alchemy_conn option in [database] - the old setting has been used, but please update your config.
  SQL_ALCHEMY_CONN = conf.get("database", "SQL_ALCHEMY_CONN")

[2025-06-16T12:48:02.658+0000] {task_command.py:426} INFO - Running <TaskInstance: etl_brazil_pipeline.run_etl_script manual__2025-06-16T12:47:50.853434+00:00 [running]> on host 1055b69d82fc
[2025-06-16T12:48:04.347+0000] {taskinstance.py:2648} INFO - Exporting env vars: AIRFLOW_CTX_DAG_OWNER='vaishnavi' AIRFLOW_CTX_DAG_ID='etl_brazil_pipeline' AIRFLOW_CTX_TASK_ID='run_etl_script' AIRFLOW_CTX_EXECUTION_DATE='2025-06-16T12:47:50.853434+00:00' AIRFLOW_CTX_TRY_NUMBER='1' AIRFLOW_CTX_DAG_RUN_ID='manual__2025-06-16T12:47:50.853434+00:00'
[2025-06-16T12:48:04.357+0000] {taskinstance.py:430} INFO - ::endgroup::
[2025-06-16T12:48:04.487+0000] {subprocess.py:63} INFO - Tmp dir root location: /tmp
[2025-06-16T12:48:04.496+0000] {subprocess.py:75} INFO - Running command: ['/usr/bin/bash', '-c', 'python3 /opt/airflow/src/etl/brazil_etl.py']
[2025-06-16T12:48:04.539+0000] {subprocess.py:86} INFO - Output:
[2025-06-16T12:48:12.586+0000] {subprocess.py:93} INFO - /home/airflow/.local/lib/python3.12/site-packages/pandera/_pandas_deprecated.py:146: FutureWarning: Importing pandas-specific classes and functions from the
[2025-06-16T12:48:12.587+0000] {subprocess.py:93} INFO - top-level pandera module will be **removed in a future version of pandera**.
[2025-06-16T12:48:12.588+0000] {subprocess.py:93} INFO - If you're using pandera to validate pandas objects, we highly recommend updating
[2025-06-16T12:48:12.589+0000] {subprocess.py:93} INFO - your import:
[2025-06-16T12:48:12.590+0000] {subprocess.py:93} INFO - 
[2025-06-16T12:48:12.591+0000] {subprocess.py:93} INFO - ```
[2025-06-16T12:48:12.592+0000] {subprocess.py:93} INFO - # old import
[2025-06-16T12:48:12.594+0000] {subprocess.py:93} INFO - import pandera as pa
[2025-06-16T12:48:12.595+0000] {subprocess.py:93} INFO - 
[2025-06-16T12:48:12.596+0000] {subprocess.py:93} INFO - # new import
[2025-06-16T12:48:12.597+0000] {subprocess.py:93} INFO - import pandera.pandas as pa
[2025-06-16T12:48:12.598+0000] {subprocess.py:93} INFO - ```
[2025-06-16T12:48:12.599+0000] {subprocess.py:93} INFO - 
[2025-06-16T12:48:12.600+0000] {subprocess.py:93} INFO - If you're using pandera to validate objects from other compatible libraries
[2025-06-16T12:48:12.600+0000] {subprocess.py:93} INFO - like pyspark or polars, see the supported libraries section of the documentation
[2025-06-16T12:48:12.601+0000] {subprocess.py:93} INFO - for more information on how to import pandera:
[2025-06-16T12:48:12.602+0000] {subprocess.py:93} INFO - 
[2025-06-16T12:48:12.603+0000] {subprocess.py:93} INFO - https://pandera.readthedocs.io/en/stable/supported_libraries.html
[2025-06-16T12:48:12.604+0000] {subprocess.py:93} INFO - 
[2025-06-16T12:48:12.605+0000] {subprocess.py:93} INFO - To disable this warning, set the environment variable:
[2025-06-16T12:48:12.606+0000] {subprocess.py:93} INFO - 
[2025-06-16T12:48:12.607+0000] {subprocess.py:93} INFO - ```
[2025-06-16T12:48:12.608+0000] {subprocess.py:93} INFO - export DISABLE_PANDERA_IMPORT_WARNING=True
[2025-06-16T12:48:12.609+0000] {subprocess.py:93} INFO - ```
[2025-06-16T12:48:12.610+0000] {subprocess.py:93} INFO - 
[2025-06-16T12:48:12.611+0000] {subprocess.py:93} INFO -   warnings.warn(_future_warning, FutureWarning)
[2025-06-16T12:51:12.408+0000] {subprocess.py:93} INFO - 
[2025-06-16T12:51:12.659+0000] {subprocess.py:93} INFO - 📥 Reading /opt/airflow/data/raw/olist_customers_dataset.csv
[2025-06-16T12:51:12.667+0000] {subprocess.py:93} INFO - 🧹 Cleaning 'customers' dataset...
[2025-06-16T12:51:12.677+0000] {subprocess.py:93} INFO - 🗄️  Loading 'customers' into PostgreSQL...
[2025-06-16T12:51:12.684+0000] {subprocess.py:93} INFO - ✅ Successfully loaded 'olist_customers_dataset' into 'customers'
[2025-06-16T12:51:12.690+0000] {subprocess.py:93} INFO - 
[2025-06-16T12:51:12.697+0000] {subprocess.py:93} INFO - 📥 Reading /opt/airflow/data/raw/olist_geolocation_dataset.csv
[2025-06-16T12:51:12.701+0000] {subprocess.py:93} INFO - 🧹 Cleaning 'geolocation' dataset...
[2025-06-16T12:51:12.705+0000] {subprocess.py:93} INFO - 🗄️  Loading 'geolocation' into PostgreSQL...
[2025-06-16T12:51:12.712+0000] {subprocess.py:93} INFO - ✅ Successfully loaded 'olist_geolocation_dataset' into 'geolocation'
[2025-06-16T12:51:12.719+0000] {subprocess.py:93} INFO - 
[2025-06-16T12:51:12.725+0000] {subprocess.py:93} INFO - 📥 Reading /opt/airflow/data/raw/olist_orders_dataset.csv
[2025-06-16T12:51:12.730+0000] {subprocess.py:93} INFO - 🧹 Cleaning 'orders' dataset...
[2025-06-16T12:51:12.734+0000] {subprocess.py:93} INFO - 🗄️  Loading 'orders' into PostgreSQL...
[2025-06-16T12:51:12.738+0000] {subprocess.py:93} INFO - ✅ Successfully loaded 'olist_orders_dataset' into 'orders'
[2025-06-16T12:51:12.744+0000] {subprocess.py:93} INFO - 
[2025-06-16T12:51:12.746+0000] {subprocess.py:93} INFO - 📥 Reading /opt/airflow/data/raw/olist_order_items_dataset.csv
[2025-06-16T12:51:12.748+0000] {subprocess.py:93} INFO - 🧹 Cleaning 'order_items' dataset...
[2025-06-16T12:51:12.753+0000] {subprocess.py:93} INFO - 🗄️  Loading 'order_items' into PostgreSQL...
[2025-06-16T12:51:12.757+0000] {subprocess.py:93} INFO - ✅ Successfully loaded 'olist_order_items_dataset' into 'order_items'
[2025-06-16T12:51:12.760+0000] {subprocess.py:93} INFO - 
[2025-06-16T12:51:12.763+0000] {subprocess.py:93} INFO - 📥 Reading /opt/airflow/data/raw/olist_order_payments_dataset.csv
[2025-06-16T12:51:12.768+0000] {subprocess.py:93} INFO - 🧹 Cleaning 'order_payments' dataset...
[2025-06-16T12:51:12.771+0000] {subprocess.py:93} INFO - 🗄️  Loading 'order_payments' into PostgreSQL...
[2025-06-16T12:51:12.774+0000] {subprocess.py:93} INFO - ✅ Successfully loaded 'olist_order_payments_dataset' into 'order_payments'
[2025-06-16T12:51:12.777+0000] {subprocess.py:93} INFO - 
[2025-06-16T12:51:12.783+0000] {subprocess.py:93} INFO - 📥 Reading /opt/airflow/data/raw/olist_order_reviews_dataset.csv
[2025-06-16T12:51:12.785+0000] {subprocess.py:93} INFO - 🧹 Cleaning 'order_reviews' dataset...
[2025-06-16T12:51:12.788+0000] {subprocess.py:93} INFO - 🗄️  Loading 'order_reviews' into PostgreSQL...
[2025-06-16T12:51:12.792+0000] {subprocess.py:93} INFO - ✅ Successfully loaded 'olist_order_reviews_dataset' into 'order_reviews'
[2025-06-16T12:51:12.795+0000] {subprocess.py:93} INFO - 
[2025-06-16T12:51:12.798+0000] {subprocess.py:93} INFO - 📥 Reading /opt/airflow/data/raw/olist_products_dataset.csv
[2025-06-16T12:51:12.809+0000] {subprocess.py:93} INFO - 🧹 Cleaning 'products' dataset...
[2025-06-16T12:51:12.812+0000] {subprocess.py:93} INFO - 🗄️  Loading 'products' into PostgreSQL...
[2025-06-16T12:51:12.815+0000] {subprocess.py:93} INFO - ✅ Successfully loaded 'olist_products_dataset' into 'products'
[2025-06-16T12:51:12.818+0000] {subprocess.py:93} INFO - 
[2025-06-16T12:51:12.823+0000] {subprocess.py:93} INFO - 📥 Reading /opt/airflow/data/raw/olist_sellers_dataset.csv
[2025-06-16T12:51:12.825+0000] {subprocess.py:93} INFO - 🧹 Cleaning 'sellers' dataset...
[2025-06-16T12:51:12.826+0000] {subprocess.py:93} INFO - 🗄️  Loading 'sellers' into PostgreSQL...
[2025-06-16T12:51:12.829+0000] {subprocess.py:93} INFO - ✅ Successfully loaded 'olist_sellers_dataset' into 'sellers'
[2025-06-16T12:51:12.831+0000] {subprocess.py:93} INFO - 
[2025-06-16T12:51:12.833+0000] {subprocess.py:93} INFO - 📥 Reading /opt/airflow/data/raw/product_category_name_translation.csv
[2025-06-16T12:51:12.836+0000] {subprocess.py:93} INFO - 🧹 Cleaning 'category_translation' dataset...
[2025-06-16T12:51:12.837+0000] {subprocess.py:93} INFO - 🗄️  Loading 'category_translation' into PostgreSQL...
[2025-06-16T12:51:12.841+0000] {subprocess.py:93} INFO - ✅ Successfully loaded 'product_category_name_translation' into 'category_translation'
[2025-06-16T12:51:13.880+0000] {subprocess.py:97} INFO - Command exited with return code 0
[2025-06-16T12:51:13.930+0000] {taskinstance.py:441} INFO - ::group::Post task execution logs
[2025-06-16T12:51:14.763+0000] {taskinstance.py:1206} INFO - Marking task as SUCCESS. dag_id=etl_brazil_pipeline, task_id=run_etl_script, run_id=manual__2025-06-16T12:47:50.853434+00:00, execution_date=20250616T124750, start_date=20250616T124801, end_date=20250616T125114
[2025-06-16T12:51:15.113+0000] {local_task_job_runner.py:240} INFO - Task exited with return code 0
[2025-06-16T12:51:15.564+0000] {taskinstance.py:3498} INFO - 0 downstream tasks scheduled from follow-on schedule check
[2025-06-16T12:51:15.571+0000] {local_task_job_runner.py:222} INFO - ::endgroup::
