[2025-06-16T13:12:49.931+0000] {local_task_job_runner.py:120} INFO - ::group::Pre task execution logs
[2025-06-16T13:12:50.064+0000] {taskinstance.py:2076} INFO - Dependencies all met for dep_context=non-requeueable deps ti=<TaskInstance: etl_brazil_pipeline.run_etl_script manual__2025-06-16T13:10:01.496652+00:00 [queued]>
[2025-06-16T13:12:50.081+0000] {taskinstance.py:2076} INFO - Dependencies all met for dep_context=requeueable deps ti=<TaskInstance: etl_brazil_pipeline.run_etl_script manual__2025-06-16T13:10:01.496652+00:00 [queued]>
[2025-06-16T13:12:50.082+0000] {taskinstance.py:2306} INFO - Starting attempt 2 of 2
[2025-06-16T13:12:50.107+0000] {taskinstance.py:2330} INFO - Executing <Task(BashOperator): run_etl_script> on 2025-06-16 13:10:01.496652+00:00
[2025-06-16T13:12:50.139+0000] {warnings.py:110} WARNING - /home/airflow/.local/lib/python3.12/site-packages/airflow/task/task_runner/standard_task_runner.py:61: DeprecationWarning: This process (pid=344) is multi-threaded, use of fork() may lead to deadlocks in the child.
  pid = os.fork()

[2025-06-16T13:12:50.147+0000] {standard_task_runner.py:90} INFO - Running: ['airflow', 'tasks', 'run', 'etl_brazil_pipeline', 'run_etl_script', 'manual__2025-06-16T13:10:01.496652+00:00', '--job-id', '49', '--raw', '--subdir', 'DAGS_FOLDER/etl_brazil_pipeline.py', '--cfg-path', '/tmp/tmp92cdy6gv']
[2025-06-16T13:12:50.150+0000] {standard_task_runner.py:63} INFO - Started process 358 to run task
[2025-06-16T13:12:50.150+0000] {standard_task_runner.py:91} INFO - Job 49: Subtask run_etl_script
[2025-06-16T13:12:50.184+0000] {warnings.py:110} WARNING - /home/airflow/.local/lib/python3.12/site-packages/airflow/settings.py:195: DeprecationWarning: The sql_alchemy_conn option in [core] has been moved to the sql_alchemy_conn option in [database] - the old setting has been used, but please update your config.
  SQL_ALCHEMY_CONN = conf.get("database", "SQL_ALCHEMY_CONN")

[2025-06-16T13:12:50.436+0000] {task_command.py:426} INFO - Running <TaskInstance: etl_brazil_pipeline.run_etl_script manual__2025-06-16T13:10:01.496652+00:00 [running]> on host 5af264b1066b
[2025-06-16T13:12:51.145+0000] {taskinstance.py:2648} INFO - Exporting env vars: AIRFLOW_CTX_DAG_OWNER='vaishnavi' AIRFLOW_CTX_DAG_ID='etl_brazil_pipeline' AIRFLOW_CTX_TASK_ID='run_etl_script' AIRFLOW_CTX_EXECUTION_DATE='2025-06-16T13:10:01.496652+00:00' AIRFLOW_CTX_TRY_NUMBER='2' AIRFLOW_CTX_DAG_RUN_ID='manual__2025-06-16T13:10:01.496652+00:00'
[2025-06-16T13:12:51.150+0000] {taskinstance.py:430} INFO - ::endgroup::
[2025-06-16T13:12:51.268+0000] {subprocess.py:63} INFO - Tmp dir root location: /tmp
[2025-06-16T13:12:51.276+0000] {subprocess.py:75} INFO - Running command: ['/usr/bin/bash', '-c', 'python3 /opt/airflow/src/etl/brazil_etl.py']
[2025-06-16T13:12:51.333+0000] {subprocess.py:86} INFO - Output:
[2025-06-16T13:12:59.155+0000] {subprocess.py:93} INFO - /home/airflow/.local/lib/python3.12/site-packages/pandera/_pandas_deprecated.py:146: FutureWarning: Importing pandas-specific classes and functions from the
[2025-06-16T13:12:59.157+0000] {subprocess.py:93} INFO - top-level pandera module will be **removed in a future version of pandera**.
[2025-06-16T13:12:59.158+0000] {subprocess.py:93} INFO - If you're using pandera to validate pandas objects, we highly recommend updating
[2025-06-16T13:12:59.158+0000] {subprocess.py:93} INFO - your import:
[2025-06-16T13:12:59.159+0000] {subprocess.py:93} INFO - 
[2025-06-16T13:12:59.160+0000] {subprocess.py:93} INFO - ```
[2025-06-16T13:12:59.161+0000] {subprocess.py:93} INFO - # old import
[2025-06-16T13:12:59.162+0000] {subprocess.py:93} INFO - import pandera as pa
[2025-06-16T13:12:59.163+0000] {subprocess.py:93} INFO - 
[2025-06-16T13:12:59.164+0000] {subprocess.py:93} INFO - # new import
[2025-06-16T13:12:59.166+0000] {subprocess.py:93} INFO - import pandera.pandas as pa
[2025-06-16T13:12:59.166+0000] {subprocess.py:93} INFO - ```
[2025-06-16T13:12:59.167+0000] {subprocess.py:93} INFO - 
[2025-06-16T13:12:59.168+0000] {subprocess.py:93} INFO - If you're using pandera to validate objects from other compatible libraries
[2025-06-16T13:12:59.170+0000] {subprocess.py:93} INFO - like pyspark or polars, see the supported libraries section of the documentation
[2025-06-16T13:12:59.171+0000] {subprocess.py:93} INFO - for more information on how to import pandera:
[2025-06-16T13:12:59.173+0000] {subprocess.py:93} INFO - 
[2025-06-16T13:12:59.174+0000] {subprocess.py:93} INFO - https://pandera.readthedocs.io/en/stable/supported_libraries.html
[2025-06-16T13:12:59.175+0000] {subprocess.py:93} INFO - 
[2025-06-16T13:12:59.176+0000] {subprocess.py:93} INFO - To disable this warning, set the environment variable:
[2025-06-16T13:12:59.177+0000] {subprocess.py:93} INFO - 
[2025-06-16T13:12:59.178+0000] {subprocess.py:93} INFO - ```
[2025-06-16T13:12:59.178+0000] {subprocess.py:93} INFO - export DISABLE_PANDERA_IMPORT_WARNING=True
[2025-06-16T13:12:59.180+0000] {subprocess.py:93} INFO - ```
[2025-06-16T13:12:59.181+0000] {subprocess.py:93} INFO - 
[2025-06-16T13:12:59.181+0000] {subprocess.py:93} INFO -   warnings.warn(_future_warning, FutureWarning)
[2025-06-16T13:14:44.656+0000] {subprocess.py:93} INFO - 
[2025-06-16T13:14:44.717+0000] {subprocess.py:93} INFO - 📥 Reading /opt/airflow/data/raw/olist_customers_dataset.csv
[2025-06-16T13:14:44.719+0000] {subprocess.py:93} INFO - 🧹 Cleaning 'customers' dataset...
[2025-06-16T13:14:44.724+0000] {subprocess.py:93} INFO - 🗄️  Loading 'customers' into PostgreSQL...
[2025-06-16T13:14:44.726+0000] {subprocess.py:93} INFO - ✅ Successfully loaded 'olist_customers_dataset' into 'customers'
[2025-06-16T13:14:44.730+0000] {subprocess.py:93} INFO - 
[2025-06-16T13:14:44.733+0000] {subprocess.py:93} INFO - 📥 Reading /opt/airflow/data/raw/olist_geolocation_dataset.csv
[2025-06-16T13:14:44.734+0000] {subprocess.py:93} INFO - 🧹 Cleaning 'geolocation' dataset...
[2025-06-16T13:14:44.736+0000] {subprocess.py:93} INFO - 🗄️  Loading 'geolocation' into PostgreSQL...
[2025-06-16T13:14:44.738+0000] {subprocess.py:93} INFO - ✅ Successfully loaded 'olist_geolocation_dataset' into 'geolocation'
[2025-06-16T13:14:44.740+0000] {subprocess.py:93} INFO - 
[2025-06-16T13:14:44.743+0000] {subprocess.py:93} INFO - 📥 Reading /opt/airflow/data/raw/olist_orders_dataset.csv
[2025-06-16T13:14:44.745+0000] {subprocess.py:93} INFO - 🧹 Cleaning 'orders' dataset...
[2025-06-16T13:14:44.746+0000] {subprocess.py:93} INFO - 🗄️  Loading 'orders' into PostgreSQL...
[2025-06-16T13:14:44.749+0000] {subprocess.py:93} INFO - ✅ Successfully loaded 'olist_orders_dataset' into 'orders'
[2025-06-16T13:14:44.751+0000] {subprocess.py:93} INFO - 
[2025-06-16T13:14:44.753+0000] {subprocess.py:93} INFO - 📥 Reading /opt/airflow/data/raw/olist_order_items_dataset.csv
[2025-06-16T13:14:44.753+0000] {subprocess.py:93} INFO - 🧹 Cleaning 'order_items' dataset...
[2025-06-16T13:14:44.754+0000] {subprocess.py:93} INFO - 🗄️  Loading 'order_items' into PostgreSQL...
[2025-06-16T13:14:44.756+0000] {subprocess.py:93} INFO - ✅ Successfully loaded 'olist_order_items_dataset' into 'order_items'
[2025-06-16T13:14:44.758+0000] {subprocess.py:93} INFO - 
[2025-06-16T13:14:44.759+0000] {subprocess.py:93} INFO - 📥 Reading /opt/airflow/data/raw/olist_order_payments_dataset.csv
[2025-06-16T13:14:44.761+0000] {subprocess.py:93} INFO - 🧹 Cleaning 'order_payments' dataset...
[2025-06-16T13:14:44.763+0000] {subprocess.py:93} INFO - 🗄️  Loading 'order_payments' into PostgreSQL...
[2025-06-16T13:14:44.765+0000] {subprocess.py:93} INFO - ✅ Successfully loaded 'olist_order_payments_dataset' into 'order_payments'
[2025-06-16T13:14:44.766+0000] {subprocess.py:93} INFO - 
[2025-06-16T13:14:44.767+0000] {subprocess.py:93} INFO - 📥 Reading /opt/airflow/data/raw/olist_order_reviews_dataset.csv
[2025-06-16T13:14:44.769+0000] {subprocess.py:93} INFO - 🧹 Cleaning 'order_reviews' dataset...
[2025-06-16T13:14:44.770+0000] {subprocess.py:93} INFO - 🗄️  Loading 'order_reviews' into PostgreSQL...
[2025-06-16T13:14:44.770+0000] {subprocess.py:93} INFO - ✅ Successfully loaded 'olist_order_reviews_dataset' into 'order_reviews'
[2025-06-16T13:14:44.771+0000] {subprocess.py:93} INFO - 
[2025-06-16T13:14:44.772+0000] {subprocess.py:93} INFO - 📥 Reading /opt/airflow/data/raw/olist_products_dataset.csv
[2025-06-16T13:14:44.775+0000] {subprocess.py:93} INFO - 🧹 Cleaning 'products' dataset...
[2025-06-16T13:14:44.776+0000] {subprocess.py:93} INFO - 🗄️  Loading 'products' into PostgreSQL...
[2025-06-16T13:14:44.777+0000] {subprocess.py:93} INFO - ✅ Successfully loaded 'olist_products_dataset' into 'products'
[2025-06-16T13:14:44.777+0000] {subprocess.py:93} INFO - 
[2025-06-16T13:14:44.778+0000] {subprocess.py:93} INFO - 📥 Reading /opt/airflow/data/raw/olist_sellers_dataset.csv
[2025-06-16T13:14:44.779+0000] {subprocess.py:93} INFO - 🧹 Cleaning 'sellers' dataset...
[2025-06-16T13:14:44.780+0000] {subprocess.py:93} INFO - 🗄️  Loading 'sellers' into PostgreSQL...
[2025-06-16T13:14:44.781+0000] {subprocess.py:93} INFO - ✅ Successfully loaded 'olist_sellers_dataset' into 'sellers'
[2025-06-16T13:14:44.782+0000] {subprocess.py:93} INFO - 
[2025-06-16T13:14:44.784+0000] {subprocess.py:93} INFO - 📥 Reading /opt/airflow/data/raw/product_category_name_translation.csv
[2025-06-16T13:14:44.785+0000] {subprocess.py:93} INFO - 🧹 Cleaning 'category_translation' dataset...
[2025-06-16T13:14:44.786+0000] {subprocess.py:93} INFO - 🗄️  Loading 'category_translation' into PostgreSQL...
[2025-06-16T13:14:44.787+0000] {subprocess.py:93} INFO - ✅ Successfully loaded 'product_category_name_translation' into 'category_translation'
[2025-06-16T13:14:45.252+0000] {subprocess.py:97} INFO - Command exited with return code 0
[2025-06-16T13:14:45.280+0000] {taskinstance.py:441} INFO - ::group::Post task execution logs
[2025-06-16T13:14:45.527+0000] {taskinstance.py:1206} INFO - Marking task as SUCCESS. dag_id=etl_brazil_pipeline, task_id=run_etl_script, run_id=manual__2025-06-16T13:10:01.496652+00:00, execution_date=20250616T131001, start_date=20250616T131250, end_date=20250616T131445
[2025-06-16T13:14:45.668+0000] {local_task_job_runner.py:240} INFO - Task exited with return code 0
[2025-06-16T13:14:45.856+0000] {taskinstance.py:3498} INFO - 1 downstream tasks scheduled from follow-on schedule check
[2025-06-16T13:14:45.860+0000] {local_task_job_runner.py:222} INFO - ::endgroup::
