[2025-06-04T08:26:39.947+0000] {local_task_job_runner.py:120} INFO - ::group::Pre task execution logs
[2025-06-04T08:26:40.018+0000] {taskinstance.py:2076} INFO - Dependencies all met for dep_context=non-requeueable deps ti=<TaskInstance: cost_efficient_etl_pipeline.run_etl_script scheduled__2025-05-28T00:00:00+00:00 [queued]>
[2025-06-04T08:26:40.038+0000] {taskinstance.py:2076} INFO - Dependencies all met for dep_context=requeueable deps ti=<TaskInstance: cost_efficient_etl_pipeline.run_etl_script scheduled__2025-05-28T00:00:00+00:00 [queued]>
[2025-06-04T08:26:40.040+0000] {taskinstance.py:2306} INFO - Starting attempt 1 of 2
[2025-06-04T08:26:40.088+0000] {taskinstance.py:2330} INFO - Executing <Task(PythonOperator): run_etl_script> on 2025-05-28 00:00:00+00:00
[2025-06-04T08:26:40.133+0000] {logging_mixin.py:188} WARNING - /home/***/.local/lib/python3.12/site-packages/***/task/task_runner/standard_task_runner.py:61 DeprecationWarning: This process (pid=171) is multi-threaded, use of fork() may lead to deadlocks in the child.
[2025-06-04T08:26:40.136+0000] {standard_task_runner.py:63} INFO - Started process 179 to run task
[2025-06-04T08:26:40.134+0000] {standard_task_runner.py:90} INFO - Running: ['***', 'tasks', 'run', 'cost_efficient_etl_pipeline', 'run_etl_script', 'scheduled__2025-05-28T00:00:00+00:00', '--job-id', '14', '--raw', '--subdir', 'DAGS_FOLDER/etl_pipeline_dag.py', '--cfg-path', '/tmp/tmpm8du2bay']
[2025-06-04T08:26:40.139+0000] {standard_task_runner.py:91} INFO - Job 14: Subtask run_etl_script
[2025-06-04T08:26:40.179+0000] {logging_mixin.py:188} WARNING - /home/***/.local/lib/python3.12/site-packages/***/settings.py:195 DeprecationWarning: The sql_alchemy_conn option in [core] has been moved to the sql_alchemy_conn option in [database] - the old setting has been used, but please update your config.
[2025-06-04T08:26:40.264+0000] {task_command.py:426} INFO - Running <TaskInstance: cost_efficient_etl_pipeline.run_etl_script scheduled__2025-05-28T00:00:00+00:00 [running]> on host e79acafb7f85
[2025-06-04T08:26:43.958+0000] {taskinstance.py:2648} INFO - Exporting env vars: AIRFLOW_CTX_DAG_OWNER='vaishnavi' AIRFLOW_CTX_DAG_ID='cost_efficient_etl_pipeline' AIRFLOW_CTX_TASK_ID='run_etl_script' AIRFLOW_CTX_EXECUTION_DATE='2025-05-28T00:00:00+00:00' AIRFLOW_CTX_TRY_NUMBER='1' AIRFLOW_CTX_DAG_RUN_ID='scheduled__2025-05-28T00:00:00+00:00'
[2025-06-04T08:26:43.961+0000] {taskinstance.py:430} INFO - ::endgroup::
[2025-06-04T08:26:44.120+0000] {main_etl.py:27} INFO - Starting ETL process...
[2025-06-04T08:26:44.266+0000] {main_etl.py:30} INFO - Loaded input data with shape (2, 4)
[2025-06-04T08:26:44.330+0000] {main_etl.py:33} INFO - Filtered columns: ['id', 'name', 'value']
[2025-06-04T08:26:44.390+0000] {main_etl.py:37} INFO - Saved cleaned data to data/output/processed_data.csv
[2025-06-04T08:26:44.393+0000] {main_etl.py:39} INFO - ETL pipeline finished successfully ✅
[2025-06-04T08:26:44.396+0000] {python.py:237} INFO - Done. Returned value was: None
[2025-06-04T08:26:44.399+0000] {taskinstance.py:441} INFO - ::group::Post task execution logs
[2025-06-04T08:26:44.493+0000] {taskinstance.py:1206} INFO - Marking task as SUCCESS. dag_id=cost_efficient_etl_pipeline, task_id=run_etl_script, run_id=scheduled__2025-05-28T00:00:00+00:00, execution_date=20250528T000000, start_date=20250604T082640, end_date=20250604T082644
[2025-06-04T08:26:44.589+0000] {local_task_job_runner.py:240} INFO - Task exited with return code 0
[2025-06-04T08:26:44.638+0000] {taskinstance.py:3498} INFO - 0 downstream tasks scheduled from follow-on schedule check
[2025-06-04T08:26:44.643+0000] {local_task_job_runner.py:222} INFO - ::endgroup::
