[2025-05-28T09:21:44.780+0000] {local_task_job_runner.py:120} INFO - ::group::Pre task execution logs
[2025-05-28T09:21:45.067+0000] {taskinstance.py:2076} INFO - Dependencies all met for dep_context=non-requeueable deps ti=<TaskInstance: cost_efficient_etl_pipeline.run_etl_script manual__2025-05-28T09:21:36.873254+00:00 [queued]>
[2025-05-28T09:21:45.175+0000] {taskinstance.py:2076} INFO - Dependencies all met for dep_context=requeueable deps ti=<TaskInstance: cost_efficient_etl_pipeline.run_etl_script manual__2025-05-28T09:21:36.873254+00:00 [queued]>
[2025-05-28T09:21:45.185+0000] {taskinstance.py:2306} INFO - Starting attempt 1 of 2
[2025-05-28T09:21:45.277+0000] {taskinstance.py:2330} INFO - Executing <Task(PythonOperator): run_etl_script> on 2025-05-28 09:21:36.873254+00:00
[2025-05-28T09:21:45.356+0000] {logging_mixin.py:188} WARNING - /home/***/.local/lib/python3.12/site-packages/***/task/task_runner/standard_task_runner.py:61 DeprecationWarning: This process (pid=180) is multi-threaded, use of fork() may lead to deadlocks in the child.
[2025-05-28T09:21:45.366+0000] {standard_task_runner.py:63} INFO - Started process 182 to run task
[2025-05-28T09:21:45.356+0000] {standard_task_runner.py:90} INFO - Running: ['***', 'tasks', 'run', 'cost_efficient_etl_pipeline', 'run_etl_script', 'manual__2025-05-28T09:21:36.873254+00:00', '--job-id', '12', '--raw', '--subdir', 'DAGS_FOLDER/etl_pipeline_dag.py', '--cfg-path', '/tmp/tmpzjkqzlvm']
[2025-05-28T09:21:45.370+0000] {standard_task_runner.py:91} INFO - Job 12: Subtask run_etl_script
[2025-05-28T09:21:45.452+0000] {logging_mixin.py:188} WARNING - /home/***/.local/lib/python3.12/site-packages/***/settings.py:195 DeprecationWarning: The sql_alchemy_conn option in [core] has been moved to the sql_alchemy_conn option in [database] - the old setting has been used, but please update your config.
[2025-05-28T09:21:45.604+0000] {task_command.py:426} INFO - Running <TaskInstance: cost_efficient_etl_pipeline.run_etl_script manual__2025-05-28T09:21:36.873254+00:00 [running]> on host 4ca8d365f34a
[2025-05-28T09:21:46.067+0000] {taskinstance.py:2648} INFO - Exporting env vars: AIRFLOW_CTX_DAG_OWNER='vaishnavi' AIRFLOW_CTX_DAG_ID='cost_efficient_etl_pipeline' AIRFLOW_CTX_TASK_ID='run_etl_script' AIRFLOW_CTX_EXECUTION_DATE='2025-05-28T09:21:36.873254+00:00' AIRFLOW_CTX_TRY_NUMBER='1' AIRFLOW_CTX_DAG_RUN_ID='manual__2025-05-28T09:21:36.873254+00:00'
[2025-05-28T09:21:46.071+0000] {taskinstance.py:430} INFO - ::endgroup::
[2025-05-28T09:21:51.648+0000] {main_etl.py:27} INFO - Starting ETL process...
[2025-05-28T09:21:51.728+0000] {main_etl.py:30} INFO - Loaded input data with shape (2, 4)
[2025-05-28T09:21:51.755+0000] {main_etl.py:33} INFO - Filtered columns: ['id', 'name', 'value']
[2025-05-28T09:21:51.793+0000] {main_etl.py:37} INFO - Saved cleaned data to data/output/processed_data.csv
[2025-05-28T09:21:51.794+0000] {main_etl.py:39} INFO - ETL pipeline finished successfully ✅
[2025-05-28T09:21:51.795+0000] {python.py:237} INFO - Done. Returned value was: None
[2025-05-28T09:21:51.797+0000] {taskinstance.py:441} INFO - ::group::Post task execution logs
[2025-05-28T09:21:51.821+0000] {taskinstance.py:1206} INFO - Marking task as SUCCESS. dag_id=cost_efficient_etl_pipeline, task_id=run_etl_script, run_id=manual__2025-05-28T09:21:36.873254+00:00, execution_date=20250528T092136, start_date=20250528T092145, end_date=20250528T092151
[2025-05-28T09:21:51.905+0000] {local_task_job_runner.py:240} INFO - Task exited with return code 0
[2025-05-28T09:21:51.957+0000] {taskinstance.py:3498} INFO - 0 downstream tasks scheduled from follow-on schedule check
[2025-05-28T09:21:51.962+0000] {local_task_job_runner.py:222} INFO - ::endgroup::
