[2025-06-08T08:41:20.605+0000] {local_task_job_runner.py:120} INFO - ::group::Pre task execution logs
[2025-06-08T08:41:20.777+0000] {taskinstance.py:2076} INFO - Dependencies all met for dep_context=non-requeueable deps ti=<TaskInstance: cost_efficient_etl_pipeline.run_etl_script scheduled__2025-06-06T00:00:00+00:00 [queued]>
[2025-06-08T08:41:20.826+0000] {taskinstance.py:2076} INFO - Dependencies all met for dep_context=requeueable deps ti=<TaskInstance: cost_efficient_etl_pipeline.run_etl_script scheduled__2025-06-06T00:00:00+00:00 [queued]>
[2025-06-08T08:41:20.828+0000] {taskinstance.py:2306} INFO - Starting attempt 2 of 2
[2025-06-08T08:41:20.895+0000] {taskinstance.py:2330} INFO - Executing <Task(PythonOperator): run_etl_script> on 2025-06-06 00:00:00+00:00
[2025-06-08T08:41:21.045+0000] {warnings.py:110} WARNING - /home/***/.local/lib/python3.12/site-packages/***/task/task_runner/standard_task_runner.py:61: DeprecationWarning: This process (pid=282) is multi-threaded, use of fork() may lead to deadlocks in the child.
  pid = os.fork()

[2025-06-08T08:41:21.093+0000] {standard_task_runner.py:63} INFO - Started process 302 to run task
[2025-06-08T08:41:21.093+0000] {standard_task_runner.py:90} INFO - Running: ['***', 'tasks', 'run', 'cost_efficient_etl_pipeline', 'run_etl_script', 'scheduled__2025-06-06T00:00:00+00:00', '--job-id', '19', '--raw', '--subdir', 'DAGS_FOLDER/etl_pipeline_dag.py', '--cfg-path', '/tmp/tmpriqtfwrr']
[2025-06-08T08:41:21.103+0000] {standard_task_runner.py:91} INFO - Job 19: Subtask run_etl_script
[2025-06-08T08:41:21.291+0000] {warnings.py:110} WARNING - /home/***/.local/lib/python3.12/site-packages/***/settings.py:195: DeprecationWarning: The sql_alchemy_conn option in [core] has been moved to the sql_alchemy_conn option in [database] - the old setting has been used, but please update your config.
  SQL_ALCHEMY_CONN = conf.get("database", "SQL_ALCHEMY_CONN")

[2025-06-08T08:41:21.756+0000] {task_command.py:426} INFO - Running <TaskInstance: cost_efficient_etl_pipeline.run_etl_script scheduled__2025-06-06T00:00:00+00:00 [running]> on host b7f90b0a41d4
[2025-06-08T08:41:22.458+0000] {taskinstance.py:2648} INFO - Exporting env vars: AIRFLOW_CTX_DAG_OWNER='vaishnavi' AIRFLOW_CTX_DAG_ID='cost_efficient_etl_pipeline' AIRFLOW_CTX_TASK_ID='run_etl_script' AIRFLOW_CTX_EXECUTION_DATE='2025-06-06T00:00:00+00:00' AIRFLOW_CTX_TRY_NUMBER='2' AIRFLOW_CTX_DAG_RUN_ID='scheduled__2025-06-06T00:00:00+00:00'
[2025-06-08T08:41:22.461+0000] {taskinstance.py:430} INFO - ::endgroup::
[2025-06-08T08:41:22.540+0000] {main_etl.py:36} INFO - Starting ETL process...
[2025-06-08T08:41:22.708+0000] {main_etl.py:39} INFO - Loaded input data with shape (4, 4)
[2025-06-08T08:41:22.775+0000] {main_etl.py:42} INFO - Filtered columns: ['date', 'product', 'quantity', 'price']
[2025-06-08T08:41:22.797+0000] {main_etl.py:46} INFO - Calculated total_sales
[2025-06-08T08:41:22.853+0000] {main_etl.py:50} INFO - Saved processed data to /opt/***/data/processed/processed_sales.csv
[2025-06-08T08:41:22.859+0000] {main_etl.py:53} INFO - ETL pipeline finished successfully ✅
[2025-06-08T08:41:22.866+0000] {python.py:237} INFO - Done. Returned value was: None
[2025-06-08T08:41:22.873+0000] {taskinstance.py:441} INFO - ::group::Post task execution logs
[2025-06-08T08:41:22.932+0000] {taskinstance.py:1206} INFO - Marking task as SUCCESS. dag_id=cost_efficient_etl_pipeline, task_id=run_etl_script, run_id=scheduled__2025-06-06T00:00:00+00:00, execution_date=20250606T000000, start_date=20250608T084120, end_date=20250608T084122
[2025-06-08T08:41:23.099+0000] {local_task_job_runner.py:240} INFO - Task exited with return code 0
[2025-06-08T08:41:23.208+0000] {taskinstance.py:3498} INFO - 1 downstream tasks scheduled from follow-on schedule check
[2025-06-08T08:41:23.224+0000] {local_task_job_runner.py:222} INFO - ::endgroup::
