[2025-06-16T09:55:23.606+0000] {local_task_job_runner.py:120} INFO - ::group::Pre task execution logs
[2025-06-16T09:55:24.299+0000] {taskinstance.py:2076} INFO - Dependencies all met for dep_context=non-requeueable deps ti=<TaskInstance: etl_brazil_pipeline.run_etl_script manual__2025-06-16T09:55:18.909208+00:00 [queued]>
[2025-06-16T09:55:24.341+0000] {taskinstance.py:2076} INFO - Dependencies all met for dep_context=requeueable deps ti=<TaskInstance: etl_brazil_pipeline.run_etl_script manual__2025-06-16T09:55:18.909208+00:00 [queued]>
[2025-06-16T09:55:24.343+0000] {taskinstance.py:2306} INFO - Starting attempt 1 of 2
[2025-06-16T09:55:24.415+0000] {taskinstance.py:2330} INFO - Executing <Task(BashOperator): run_etl_script> on 2025-06-16 09:55:18.909208+00:00
[2025-06-16T09:55:24.485+0000] {logging_mixin.py:188} WARNING - /home/airflow/.local/lib/python3.12/site-packages/airflow/task/task_runner/standard_task_runner.py:61 DeprecationWarning: This process (pid=532) is multi-threaded, use of fork() may lead to deadlocks in the child.
[2025-06-16T09:55:24.481+0000] {standard_task_runner.py:90} INFO - Running: ['airflow', 'tasks', 'run', 'etl_brazil_pipeline', 'run_etl_script', 'manual__2025-06-16T09:55:18.909208+00:00', '--job-id', '7', '--raw', '--subdir', 'DAGS_FOLDER/etl_brazil_pipeline.py', '--cfg-path', '/tmp/tmpti8t89rg']
[2025-06-16T09:55:24.488+0000] {standard_task_runner.py:63} INFO - Started process 533 to run task
[2025-06-16T09:55:24.488+0000] {standard_task_runner.py:91} INFO - Job 7: Subtask run_etl_script
[2025-06-16T09:55:24.557+0000] {logging_mixin.py:188} WARNING - /home/airflow/.local/lib/python3.12/site-packages/airflow/settings.py:195 DeprecationWarning: The sql_alchemy_conn option in [core] has been moved to the sql_alchemy_conn option in [database] - the old setting has been used, but please update your config.
[2025-06-16T09:55:24.670+0000] {task_command.py:426} INFO - Running <TaskInstance: etl_brazil_pipeline.run_etl_script manual__2025-06-16T09:55:18.909208+00:00 [running]> on host 4efd89753c65
[2025-06-16T09:55:25.265+0000] {taskinstance.py:2648} INFO - Exporting env vars: AIRFLOW_CTX_DAG_OWNER='vaishnavi' AIRFLOW_CTX_DAG_ID='etl_brazil_pipeline' AIRFLOW_CTX_TASK_ID='run_etl_script' AIRFLOW_CTX_EXECUTION_DATE='2025-06-16T09:55:18.909208+00:00' AIRFLOW_CTX_TRY_NUMBER='1' AIRFLOW_CTX_DAG_RUN_ID='manual__2025-06-16T09:55:18.909208+00:00'
[2025-06-16T09:55:25.271+0000] {taskinstance.py:430} INFO - ::endgroup::
[2025-06-16T09:55:25.614+0000] {subprocess.py:63} INFO - Tmp dir root location: /tmp
[2025-06-16T09:55:25.623+0000] {subprocess.py:75} INFO - Running command: ['/usr/bin/bash', '-c', 'python3 /opt/airflow/src/etl/brazil_etl.py']
[2025-06-16T09:55:25.673+0000] {subprocess.py:86} INFO - Output:
[2025-06-16T09:55:32.638+0000] {subprocess.py:93} INFO - /home/airflow/.local/lib/python3.12/site-packages/pandera/_pandas_deprecated.py:146: FutureWarning: Importing pandas-specific classes and functions from the
[2025-06-16T09:55:32.639+0000] {subprocess.py:93} INFO - top-level pandera module will be **removed in a future version of pandera**.
[2025-06-16T09:55:32.640+0000] {subprocess.py:93} INFO - If you're using pandera to validate pandas objects, we highly recommend updating
[2025-06-16T09:55:32.641+0000] {subprocess.py:93} INFO - your import:
[2025-06-16T09:55:32.645+0000] {subprocess.py:93} INFO - 
[2025-06-16T09:55:32.646+0000] {subprocess.py:93} INFO - ```
[2025-06-16T09:55:32.648+0000] {subprocess.py:93} INFO - # old import
[2025-06-16T09:55:32.649+0000] {subprocess.py:93} INFO - import pandera as pa
[2025-06-16T09:55:32.650+0000] {subprocess.py:93} INFO - 
[2025-06-16T09:55:32.651+0000] {subprocess.py:93} INFO - # new import
[2025-06-16T09:55:32.652+0000] {subprocess.py:93} INFO - import pandera.pandas as pa
[2025-06-16T09:55:32.653+0000] {subprocess.py:93} INFO - ```
[2025-06-16T09:55:32.653+0000] {subprocess.py:93} INFO - 
[2025-06-16T09:55:32.654+0000] {subprocess.py:93} INFO - If you're using pandera to validate objects from other compatible libraries
[2025-06-16T09:55:32.655+0000] {subprocess.py:93} INFO - like pyspark or polars, see the supported libraries section of the documentation
[2025-06-16T09:55:32.656+0000] {subprocess.py:93} INFO - for more information on how to import pandera:
[2025-06-16T09:55:32.656+0000] {subprocess.py:93} INFO - 
[2025-06-16T09:55:32.657+0000] {subprocess.py:93} INFO - https://pandera.readthedocs.io/en/stable/supported_libraries.html
[2025-06-16T09:55:32.658+0000] {subprocess.py:93} INFO - 
[2025-06-16T09:55:32.659+0000] {subprocess.py:93} INFO - To disable this warning, set the environment variable:
[2025-06-16T09:55:32.660+0000] {subprocess.py:93} INFO - 
[2025-06-16T09:55:32.660+0000] {subprocess.py:93} INFO - ```
[2025-06-16T09:55:32.661+0000] {subprocess.py:93} INFO - export DISABLE_PANDERA_IMPORT_WARNING=True
[2025-06-16T09:55:32.662+0000] {subprocess.py:93} INFO - ```
[2025-06-16T09:55:32.662+0000] {subprocess.py:93} INFO - 
[2025-06-16T09:55:32.663+0000] {subprocess.py:93} INFO -   warnings.warn(_future_warning, FutureWarning)
[2025-06-16T09:57:21.598+0000] {subprocess.py:93} INFO - 
[2025-06-16T09:57:21.718+0000] {subprocess.py:93} INFO - 📥 Reading /opt/airflow/data/raw/olist_customers_dataset.csv
[2025-06-16T09:57:21.722+0000] {subprocess.py:93} INFO - 🧹 Cleaning 'customers' dataset...
[2025-06-16T09:57:21.725+0000] {subprocess.py:93} INFO - 🗄️  Loading 'customers' into PostgreSQL...
[2025-06-16T09:57:21.729+0000] {subprocess.py:93} INFO - ✅ Successfully loaded 'olist_customers_dataset' into 'customers'
[2025-06-16T09:57:21.732+0000] {subprocess.py:93} INFO - 
[2025-06-16T09:57:21.737+0000] {subprocess.py:93} INFO - 📥 Reading /opt/airflow/data/raw/olist_geolocation_dataset.csv
[2025-06-16T09:57:21.739+0000] {subprocess.py:93} INFO - 🧹 Cleaning 'geolocation' dataset...
[2025-06-16T09:57:21.741+0000] {subprocess.py:93} INFO - 🗄️  Loading 'geolocation' into PostgreSQL...
[2025-06-16T09:57:21.745+0000] {subprocess.py:93} INFO - ✅ Successfully loaded 'olist_geolocation_dataset' into 'geolocation'
[2025-06-16T09:57:21.749+0000] {subprocess.py:93} INFO - 
[2025-06-16T09:57:21.752+0000] {subprocess.py:93} INFO - 📥 Reading /opt/airflow/data/raw/olist_orders_dataset.csv
[2025-06-16T09:57:21.754+0000] {subprocess.py:93} INFO - 🧹 Cleaning 'orders' dataset...
[2025-06-16T09:57:21.756+0000] {subprocess.py:93} INFO - 🗄️  Loading 'orders' into PostgreSQL...
[2025-06-16T09:57:21.759+0000] {subprocess.py:93} INFO - ✅ Successfully loaded 'olist_orders_dataset' into 'orders'
[2025-06-16T09:57:21.761+0000] {subprocess.py:93} INFO - 
[2025-06-16T09:57:21.765+0000] {subprocess.py:93} INFO - 📥 Reading /opt/airflow/data/raw/olist_order_items_dataset.csv
[2025-06-16T09:57:21.769+0000] {subprocess.py:93} INFO - 🧹 Cleaning 'order_items' dataset...
[2025-06-16T09:57:21.771+0000] {subprocess.py:93} INFO - 🗄️  Loading 'order_items' into PostgreSQL...
[2025-06-16T09:57:21.772+0000] {subprocess.py:93} INFO - ✅ Successfully loaded 'olist_order_items_dataset' into 'order_items'
[2025-06-16T09:57:21.773+0000] {subprocess.py:93} INFO - 
[2025-06-16T09:57:21.777+0000] {subprocess.py:93} INFO - 📥 Reading /opt/airflow/data/raw/olist_order_payments_dataset.csv
[2025-06-16T09:57:21.778+0000] {subprocess.py:93} INFO - 🧹 Cleaning 'order_payments' dataset...
[2025-06-16T09:57:21.780+0000] {subprocess.py:93} INFO - 🗄️  Loading 'order_payments' into PostgreSQL...
[2025-06-16T09:57:21.783+0000] {subprocess.py:93} INFO - ✅ Successfully loaded 'olist_order_payments_dataset' into 'order_payments'
[2025-06-16T09:57:21.784+0000] {subprocess.py:93} INFO - 
[2025-06-16T09:57:21.785+0000] {subprocess.py:93} INFO - 📥 Reading /opt/airflow/data/raw/olist_order_reviews_dataset.csv
[2025-06-16T09:57:21.787+0000] {subprocess.py:93} INFO - 🧹 Cleaning 'order_reviews' dataset...
[2025-06-16T09:57:21.789+0000] {subprocess.py:93} INFO - 🗄️  Loading 'order_reviews' into PostgreSQL...
[2025-06-16T09:57:21.790+0000] {subprocess.py:93} INFO - ✅ Successfully loaded 'olist_order_reviews_dataset' into 'order_reviews'
[2025-06-16T09:57:21.792+0000] {subprocess.py:93} INFO - 
[2025-06-16T09:57:21.793+0000] {subprocess.py:93} INFO - 📥 Reading /opt/airflow/data/raw/olist_products_dataset.csv
[2025-06-16T09:57:21.796+0000] {subprocess.py:93} INFO - 🧹 Cleaning 'products' dataset...
[2025-06-16T09:57:21.799+0000] {subprocess.py:93} INFO - 🗄️  Loading 'products' into PostgreSQL...
[2025-06-16T09:57:21.801+0000] {subprocess.py:93} INFO - ✅ Successfully loaded 'olist_products_dataset' into 'products'
[2025-06-16T09:57:21.803+0000] {subprocess.py:93} INFO - 
[2025-06-16T09:57:21.805+0000] {subprocess.py:93} INFO - 📥 Reading /opt/airflow/data/raw/olist_sellers_dataset.csv
[2025-06-16T09:57:21.806+0000] {subprocess.py:93} INFO - 🧹 Cleaning 'sellers' dataset...
[2025-06-16T09:57:21.807+0000] {subprocess.py:93} INFO - 🗄️  Loading 'sellers' into PostgreSQL...
[2025-06-16T09:57:21.809+0000] {subprocess.py:93} INFO - ✅ Successfully loaded 'olist_sellers_dataset' into 'sellers'
[2025-06-16T09:57:21.810+0000] {subprocess.py:93} INFO - 
[2025-06-16T09:57:21.811+0000] {subprocess.py:93} INFO - 📥 Reading /opt/airflow/data/raw/product_category_name_translation.csv
[2025-06-16T09:57:21.813+0000] {subprocess.py:93} INFO - 🧹 Cleaning 'category_translation' dataset...
[2025-06-16T09:57:21.814+0000] {subprocess.py:93} INFO - 🗄️  Loading 'category_translation' into PostgreSQL...
[2025-06-16T09:57:21.815+0000] {subprocess.py:93} INFO - ✅ Successfully loaded 'product_category_name_translation' into 'category_translation'
[2025-06-16T09:57:22.126+0000] {subprocess.py:97} INFO - Command exited with return code 0
[2025-06-16T09:57:22.149+0000] {taskinstance.py:441} INFO - ::group::Post task execution logs
[2025-06-16T09:57:22.368+0000] {taskinstance.py:1206} INFO - Marking task as SUCCESS. dag_id=etl_brazil_pipeline, task_id=run_etl_script, run_id=manual__2025-06-16T09:55:18.909208+00:00, execution_date=20250616T095518, start_date=20250616T095524, end_date=20250616T095722
[2025-06-16T09:57:22.484+0000] {local_task_job_runner.py:240} INFO - Task exited with return code 0
[2025-06-16T09:57:22.679+0000] {taskinstance.py:3498} INFO - 1 downstream tasks scheduled from follow-on schedule check
[2025-06-16T09:57:22.687+0000] {local_task_job_runner.py:222} INFO - ::endgroup::
