[2025-06-16T16:34:47.755+0000] {local_task_job_runner.py:120} INFO - ::group::Pre task execution logs
[2025-06-16T16:34:47.889+0000] {taskinstance.py:2076} INFO - Dependencies all met for dep_context=non-requeueable deps ti=<TaskInstance: etl_brazil_pipeline.run_dbt_models manual__2025-06-16T16:27:02.546251+00:00 [queued]>
[2025-06-16T16:34:47.916+0000] {taskinstance.py:2076} INFO - Dependencies all met for dep_context=requeueable deps ti=<TaskInstance: etl_brazil_pipeline.run_dbt_models manual__2025-06-16T16:27:02.546251+00:00 [queued]>
[2025-06-16T16:34:47.917+0000] {taskinstance.py:2306} INFO - Starting attempt 1 of 2
[2025-06-16T16:34:47.946+0000] {taskinstance.py:2330} INFO - Executing <Task(BashOperator): run_dbt_models> on 2025-06-16 16:27:02.546251+00:00
[2025-06-16T16:34:47.976+0000] {standard_task_runner.py:90} INFO - Running: ['airflow', 'tasks', 'run', 'etl_brazil_pipeline', 'run_dbt_models', 'manual__2025-06-16T16:27:02.546251+00:00', '--job-id', '76', '--raw', '--subdir', 'DAGS_FOLDER/etl_brazil_pipeline.py', '--cfg-path', '/tmp/tmpyq9r8b22']
[2025-06-16T16:34:47.986+0000] {standard_task_runner.py:91} INFO - Job 76: Subtask run_dbt_models
[2025-06-16T16:34:47.985+0000] {warnings.py:110} WARNING - /home/airflow/.local/lib/python3.12/site-packages/airflow/task/task_runner/standard_task_runner.py:61: DeprecationWarning: This process (pid=2862) is multi-threaded, use of fork() may lead to deadlocks in the child.
  pid = os.fork()

[2025-06-16T16:34:47.990+0000] {standard_task_runner.py:63} INFO - Started process 2876 to run task
[2025-06-16T16:34:48.224+0000] {warnings.py:110} WARNING - /home/airflow/.local/lib/python3.12/site-packages/airflow/settings.py:195: DeprecationWarning: The sql_alchemy_conn option in [core] has been moved to the sql_alchemy_conn option in [database] - the old setting has been used, but please update your config.
  SQL_ALCHEMY_CONN = conf.get("database", "SQL_ALCHEMY_CONN")

[2025-06-16T16:34:48.885+0000] {task_command.py:426} INFO - Running <TaskInstance: etl_brazil_pipeline.run_dbt_models manual__2025-06-16T16:27:02.546251+00:00 [running]> on host 022c5bd7354f
[2025-06-16T16:34:49.555+0000] {taskinstance.py:2648} INFO - Exporting env vars: AIRFLOW_CTX_DAG_OWNER='vaishnavi' AIRFLOW_CTX_DAG_ID='etl_brazil_pipeline' AIRFLOW_CTX_TASK_ID='run_dbt_models' AIRFLOW_CTX_EXECUTION_DATE='2025-06-16T16:27:02.546251+00:00' AIRFLOW_CTX_TRY_NUMBER='1' AIRFLOW_CTX_DAG_RUN_ID='manual__2025-06-16T16:27:02.546251+00:00'
[2025-06-16T16:34:49.571+0000] {taskinstance.py:430} INFO - ::endgroup::
[2025-06-16T16:34:49.709+0000] {subprocess.py:63} INFO - Tmp dir root location: /tmp
[2025-06-16T16:34:49.715+0000] {subprocess.py:75} INFO - Running command: ['/usr/bin/bash', '-c', 'cd /opt/airflow/dbt_project && /home/airflow/.local/bin/dbt run']
[2025-06-16T16:34:49.770+0000] {subprocess.py:86} INFO - Output:
[2025-06-16T16:35:00.147+0000] {subprocess.py:93} INFO - [0m16:35:00  Running with dbt=1.7.9
[2025-06-16T16:35:01.063+0000] {subprocess.py:93} INFO - [0m16:35:01  Registered adapter: ***=1.7.9
[2025-06-16T16:35:02.045+0000] {subprocess.py:93} INFO - [0m16:35:02  Found 11 models, 19 tests, 0 sources, 0 exposures, 0 metrics, 401 macros, 0 groups, 0 semantic models
[2025-06-16T16:35:02.055+0000] {subprocess.py:93} INFO - [0m16:35:02
[2025-06-16T16:35:02.423+0000] {subprocess.py:93} INFO - [0m16:35:02  Concurrency: 2 threads (target='dev')
[2025-06-16T16:35:02.426+0000] {subprocess.py:93} INFO - [0m16:35:02
[2025-06-16T16:35:02.542+0000] {subprocess.py:93} INFO - [0m16:35:02  1 of 11 START sql table model public.my_first_dbt_model ........................ [RUN]
[2025-06-16T16:35:02.546+0000] {subprocess.py:93} INFO - [0m16:35:02  2 of 11 START sql view model public.stg_category_translation ................... [RUN]
[2025-06-16T16:35:03.022+0000] {subprocess.py:93} INFO - [0m16:35:03  1 of 11 OK created sql table model public.my_first_dbt_model ................... [[32mSELECT 2[0m in 0.47s]
[2025-06-16T16:35:03.042+0000] {subprocess.py:93} INFO - [0m16:35:03  3 of 11 START sql view model public.stg_customers .............................. [RUN]
[2025-06-16T16:35:03.045+0000] {subprocess.py:93} INFO - [0m16:35:03  2 of 11 OK created sql view model public.stg_category_translation .............. [[32mCREATE VIEW[0m in 0.49s]
[2025-06-16T16:35:03.063+0000] {subprocess.py:93} INFO - [0m16:35:03  4 of 11 START sql view model public.stg_geolocation ............................ [RUN]
[2025-06-16T16:35:03.301+0000] {subprocess.py:93} INFO - [0m16:35:03  3 of 11 OK created sql view model public.stg_customers ......................... [[32mCREATE VIEW[0m in 0.25s]
[2025-06-16T16:35:03.304+0000] {subprocess.py:93} INFO - [0m16:35:03  4 of 11 OK created sql view model public.stg_geolocation ....................... [[32mCREATE VIEW[0m in 0.23s]
[2025-06-16T16:35:03.319+0000] {subprocess.py:93} INFO - [0m16:35:03  5 of 11 START sql view model public.stg_order_items ............................ [RUN]
[2025-06-16T16:35:03.321+0000] {subprocess.py:93} INFO - [0m16:35:03  6 of 11 START sql view model public.stg_order_payments ......................... [RUN]
[2025-06-16T16:35:03.576+0000] {subprocess.py:93} INFO - [0m16:35:03  5 of 11 OK created sql view model public.stg_order_items ....................... [[32mCREATE VIEW[0m in 0.25s]
[2025-06-16T16:35:03.600+0000] {subprocess.py:93} INFO - [0m16:35:03  7 of 11 START sql view model public.stg_order_reviews .......................... [RUN]
[2025-06-16T16:35:03.630+0000] {subprocess.py:93} INFO - [0m16:35:03  6 of 11 OK created sql view model public.stg_order_payments .................... [[32mCREATE VIEW[0m in 0.30s]
[2025-06-16T16:35:03.640+0000] {subprocess.py:93} INFO - [0m16:35:03  8 of 11 START sql view model public.stg_orders ................................. [RUN]
[2025-06-16T16:35:03.927+0000] {subprocess.py:93} INFO - [0m16:35:03  7 of 11 OK created sql view model public.stg_order_reviews ..................... [[32mCREATE VIEW[0m in 0.32s]
[2025-06-16T16:35:03.947+0000] {subprocess.py:93} INFO - [0m16:35:03  9 of 11 START sql view model public.stg_products ............................... [RUN]
[2025-06-16T16:35:03.979+0000] {subprocess.py:93} INFO - [0m16:35:03  8 of 11 OK created sql view model public.stg_orders ............................ [[32mCREATE VIEW[0m in 0.33s]
[2025-06-16T16:35:03.999+0000] {subprocess.py:93} INFO - [0m16:35:03  10 of 11 START sql view model public.stg_sellers ............................... [RUN]
[2025-06-16T16:35:04.192+0000] {subprocess.py:93} INFO - [0m16:35:04  9 of 11 OK created sql view model public.stg_products .......................... [[32mCREATE VIEW[0m in 0.24s]
[2025-06-16T16:35:04.213+0000] {subprocess.py:93} INFO - [0m16:35:04  11 of 11 START sql view model public.my_second_dbt_model ....................... [RUN]
[2025-06-16T16:35:04.271+0000] {subprocess.py:93} INFO - [0m16:35:04  10 of 11 OK created sql view model public.stg_sellers .......................... [[32mCREATE VIEW[0m in 0.25s]
[2025-06-16T16:35:04.389+0000] {subprocess.py:93} INFO - [0m16:35:04  11 of 11 OK created sql view model public.my_second_dbt_model .................. [[32mCREATE VIEW[0m in 0.17s]
[2025-06-16T16:35:04.432+0000] {subprocess.py:93} INFO - [0m16:35:04
[2025-06-16T16:35:04.434+0000] {subprocess.py:93} INFO - [0m16:35:04  Finished running 1 table model, 10 view models in 0 hours 0 minutes and 2.37 seconds (2.37s).
[2025-06-16T16:35:04.479+0000] {subprocess.py:93} INFO - [0m16:35:04
[2025-06-16T16:35:04.481+0000] {subprocess.py:93} INFO - [0m16:35:04  [32mCompleted successfully[0m
[2025-06-16T16:35:04.484+0000] {subprocess.py:93} INFO - [0m16:35:04
[2025-06-16T16:35:04.486+0000] {subprocess.py:93} INFO - [0m16:35:04  Done. PASS=11 WARN=0 ERROR=0 SKIP=0 TOTAL=11
[2025-06-16T16:35:05.764+0000] {subprocess.py:97} INFO - Command exited with return code 0
[2025-06-16T16:35:05.767+0000] {taskinstance.py:441} INFO - ::group::Post task execution logs
[2025-06-16T16:35:05.804+0000] {taskinstance.py:1206} INFO - Marking task as SUCCESS. dag_id=etl_brazil_pipeline, task_id=run_dbt_models, run_id=manual__2025-06-16T16:27:02.546251+00:00, execution_date=20250616T162702, start_date=20250616T163447, end_date=20250616T163505
[2025-06-16T16:35:05.860+0000] {local_task_job_runner.py:240} INFO - Task exited with return code 0
[2025-06-16T16:35:05.890+0000] {taskinstance.py:3498} INFO - 1 downstream tasks scheduled from follow-on schedule check
[2025-06-16T16:35:05.894+0000] {local_task_job_runner.py:222} INFO - ::endgroup::
