[2025-06-16T13:55:51.820+0000] {local_task_job_runner.py:120} INFO - ::group::Pre task execution logs
[2025-06-16T13:55:51.912+0000] {taskinstance.py:2076} INFO - Dependencies all met for dep_context=non-requeueable deps ti=<TaskInstance: etl_brazil_pipeline.run_dbt_models manual__2025-06-16T13:48:31.346415+00:00 [queued]>
[2025-06-16T13:55:51.934+0000] {taskinstance.py:2076} INFO - Dependencies all met for dep_context=requeueable deps ti=<TaskInstance: etl_brazil_pipeline.run_dbt_models manual__2025-06-16T13:48:31.346415+00:00 [queued]>
[2025-06-16T13:55:51.936+0000] {taskinstance.py:2306} INFO - Starting attempt 1 of 2
[2025-06-16T13:55:51.964+0000] {taskinstance.py:2330} INFO - Executing <Task(BashOperator): run_dbt_models> on 2025-06-16 13:48:31.346415+00:00
[2025-06-16T13:55:51.988+0000] {warnings.py:110} WARNING - /home/airflow/.local/lib/python3.12/site-packages/airflow/task/task_runner/standard_task_runner.py:61: DeprecationWarning: This process (pid=1039) is multi-threaded, use of fork() may lead to deadlocks in the child.
  pid = os.fork()

[2025-06-16T13:55:51.988+0000] {standard_task_runner.py:90} INFO - Running: ['airflow', 'tasks', 'run', 'etl_brazil_pipeline', 'run_dbt_models', 'manual__2025-06-16T13:48:31.346415+00:00', '--job-id', '59', '--raw', '--subdir', 'DAGS_FOLDER/etl_brazil_pipeline.py', '--cfg-path', '/tmp/tmpfwudx425']
[2025-06-16T13:55:51.997+0000] {standard_task_runner.py:63} INFO - Started process 1066 to run task
[2025-06-16T13:55:51.998+0000] {standard_task_runner.py:91} INFO - Job 59: Subtask run_dbt_models
[2025-06-16T13:55:52.091+0000] {warnings.py:110} WARNING - /home/airflow/.local/lib/python3.12/site-packages/airflow/settings.py:195: DeprecationWarning: The sql_alchemy_conn option in [core] has been moved to the sql_alchemy_conn option in [database] - the old setting has been used, but please update your config.
  SQL_ALCHEMY_CONN = conf.get("database", "SQL_ALCHEMY_CONN")

[2025-06-16T13:55:52.247+0000] {task_command.py:426} INFO - Running <TaskInstance: etl_brazil_pipeline.run_dbt_models manual__2025-06-16T13:48:31.346415+00:00 [running]> on host e74b257ce696
[2025-06-16T13:55:52.657+0000] {taskinstance.py:2648} INFO - Exporting env vars: AIRFLOW_CTX_DAG_OWNER='vaishnavi' AIRFLOW_CTX_DAG_ID='etl_brazil_pipeline' AIRFLOW_CTX_TASK_ID='run_dbt_models' AIRFLOW_CTX_EXECUTION_DATE='2025-06-16T13:48:31.346415+00:00' AIRFLOW_CTX_TRY_NUMBER='1' AIRFLOW_CTX_DAG_RUN_ID='manual__2025-06-16T13:48:31.346415+00:00'
[2025-06-16T13:55:52.664+0000] {taskinstance.py:430} INFO - ::endgroup::
[2025-06-16T13:55:52.735+0000] {subprocess.py:63} INFO - Tmp dir root location: /tmp
[2025-06-16T13:55:52.741+0000] {subprocess.py:75} INFO - Running command: ['/usr/bin/bash', '-c', 'cd /opt/airflow/dbt_project && /home/airflow/.local/bin/dbt run']
[2025-06-16T13:55:52.775+0000] {subprocess.py:86} INFO - Output:
[2025-06-16T13:56:00.781+0000] {subprocess.py:93} INFO - [0m13:56:00  Running with dbt=1.7.9
[2025-06-16T13:56:01.954+0000] {subprocess.py:93} INFO - [0m13:56:01  Registered adapter: ***=1.7.9
[2025-06-16T13:56:02.084+0000] {subprocess.py:93} INFO - [0m13:56:02  Unable to do partial parsing because profile has changed
[2025-06-16T13:56:04.835+0000] {subprocess.py:93} INFO - [0m13:56:04  Found 11 models, 19 tests, 0 sources, 0 exposures, 0 metrics, 401 macros, 0 groups, 0 semantic models
[2025-06-16T13:56:04.845+0000] {subprocess.py:93} INFO - [0m13:56:04
[2025-06-16T13:56:05.138+0000] {subprocess.py:93} INFO - [0m13:56:05  Concurrency: 2 threads (target='dev')
[2025-06-16T13:56:05.141+0000] {subprocess.py:93} INFO - [0m13:56:05
[2025-06-16T13:56:05.168+0000] {subprocess.py:93} INFO - [0m13:56:05  1 of 11 START sql table model public.my_first_dbt_model ........................ [RUN]
[2025-06-16T13:56:05.172+0000] {subprocess.py:93} INFO - [0m13:56:05  2 of 11 START sql view model public.stg_category_translation ................... [RUN]
[2025-06-16T13:56:05.620+0000] {subprocess.py:93} INFO - [0m13:56:05  1 of 11 OK created sql table model public.my_first_dbt_model ................... [[32mSELECT 2[0m in 0.44s]
[2025-06-16T13:56:05.624+0000] {subprocess.py:93} INFO - [0m13:56:05  2 of 11 OK created sql view model public.stg_category_translation .............. [[32mCREATE VIEW[0m in 0.44s]
[2025-06-16T13:56:05.645+0000] {subprocess.py:93} INFO - [0m13:56:05  3 of 11 START sql view model public.stg_customers .............................. [RUN]
[2025-06-16T13:56:05.649+0000] {subprocess.py:93} INFO - [0m13:56:05  4 of 11 START sql view model public.stg_geolocation ............................ [RUN]
[2025-06-16T13:56:05.960+0000] {subprocess.py:93} INFO - [0m13:56:05  3 of 11 OK created sql view model public.stg_customers ......................... [[32mCREATE VIEW[0m in 0.30s]
[2025-06-16T13:56:05.980+0000] {subprocess.py:93} INFO - [0m13:56:05  4 of 11 OK created sql view model public.stg_geolocation ....................... [[32mCREATE VIEW[0m in 0.31s]
[2025-06-16T13:56:05.986+0000] {subprocess.py:93} INFO - [0m13:56:05  5 of 11 START sql view model public.stg_order_items ............................ [RUN]
[2025-06-16T13:56:06.007+0000] {subprocess.py:93} INFO - [0m13:56:06  6 of 11 START sql view model public.stg_order_payments ......................... [RUN]
[2025-06-16T13:56:06.295+0000] {subprocess.py:93} INFO - [0m13:56:06  5 of 11 OK created sql view model public.stg_order_items ....................... [[32mCREATE VIEW[0m in 0.29s]
[2025-06-16T13:56:06.318+0000] {subprocess.py:93} INFO - [0m13:56:06  6 of 11 OK created sql view model public.stg_order_payments .................... [[32mCREATE VIEW[0m in 0.29s]
[2025-06-16T13:56:06.322+0000] {subprocess.py:93} INFO - [0m13:56:06  7 of 11 START sql view model public.stg_order_reviews .......................... [RUN]
[2025-06-16T13:56:06.345+0000] {subprocess.py:93} INFO - [0m13:56:06  8 of 11 START sql view model public.stg_orders ................................. [RUN]
[2025-06-16T13:56:06.596+0000] {subprocess.py:93} INFO - [0m13:56:06  7 of 11 OK created sql view model public.stg_order_reviews ..................... [[32mCREATE VIEW[0m in 0.26s]
[2025-06-16T13:56:06.615+0000] {subprocess.py:93} INFO - [0m13:56:06  9 of 11 START sql view model public.stg_products ............................... [RUN]
[2025-06-16T13:56:06.630+0000] {subprocess.py:93} INFO - [0m13:56:06  8 of 11 OK created sql view model public.stg_orders ............................ [[32mCREATE VIEW[0m in 0.27s]
[2025-06-16T13:56:06.645+0000] {subprocess.py:93} INFO - [0m13:56:06  10 of 11 START sql view model public.stg_sellers ............................... [RUN]
[2025-06-16T13:56:06.845+0000] {subprocess.py:93} INFO - [0m13:56:06  10 of 11 OK created sql view model public.stg_sellers .......................... [[32mCREATE VIEW[0m in 0.19s]
[2025-06-16T13:56:06.859+0000] {subprocess.py:93} INFO - [0m13:56:06  9 of 11 OK created sql view model public.stg_products .......................... [[32mCREATE VIEW[0m in 0.23s]
[2025-06-16T13:56:06.862+0000] {subprocess.py:93} INFO - [0m13:56:06  11 of 11 START sql view model public.my_second_dbt_model ....................... [RUN]
[2025-06-16T13:56:07.044+0000] {subprocess.py:93} INFO - [0m13:56:07  11 of 11 OK created sql view model public.my_second_dbt_model .................. [[32mCREATE VIEW[0m in 0.17s]
[2025-06-16T13:56:07.114+0000] {subprocess.py:93} INFO - [0m13:56:07
[2025-06-16T13:56:07.118+0000] {subprocess.py:93} INFO - [0m13:56:07  Finished running 1 table model, 10 view models in 0 hours 0 minutes and 2.27 seconds (2.27s).
[2025-06-16T13:56:07.187+0000] {subprocess.py:93} INFO - [0m13:56:07
[2025-06-16T13:56:07.191+0000] {subprocess.py:93} INFO - [0m13:56:07  [32mCompleted successfully[0m
[2025-06-16T13:56:07.196+0000] {subprocess.py:93} INFO - [0m13:56:07
[2025-06-16T13:56:07.199+0000] {subprocess.py:93} INFO - [0m13:56:07  Done. PASS=11 WARN=0 ERROR=0 SKIP=0 TOTAL=11
[2025-06-16T13:56:08.808+0000] {subprocess.py:97} INFO - Command exited with return code 0
[2025-06-16T13:56:08.810+0000] {taskinstance.py:441} INFO - ::group::Post task execution logs
[2025-06-16T13:56:08.856+0000] {taskinstance.py:1206} INFO - Marking task as SUCCESS. dag_id=etl_brazil_pipeline, task_id=run_dbt_models, run_id=manual__2025-06-16T13:48:31.346415+00:00, execution_date=20250616T134831, start_date=20250616T135551, end_date=20250616T135608
[2025-06-16T13:56:08.913+0000] {local_task_job_runner.py:240} INFO - Task exited with return code 0
[2025-06-16T13:56:08.934+0000] {local_task_job_runner.py:222} INFO - ::endgroup::
