[2025-06-16T13:30:53.060+0000] {local_task_job_runner.py:120} INFO - ::group::Pre task execution logs
[2025-06-16T13:30:53.199+0000] {taskinstance.py:2076} INFO - Dependencies all met for dep_context=non-requeueable deps ti=<TaskInstance: etl_brazil_pipeline.run_etl_script manual__2025-06-16T13:30:24.846541+00:00 [queued]>
[2025-06-16T13:30:53.228+0000] {taskinstance.py:2076} INFO - Dependencies all met for dep_context=requeueable deps ti=<TaskInstance: etl_brazil_pipeline.run_etl_script manual__2025-06-16T13:30:24.846541+00:00 [queued]>
[2025-06-16T13:30:53.230+0000] {taskinstance.py:2306} INFO - Starting attempt 1 of 2
[2025-06-16T13:30:53.270+0000] {taskinstance.py:2330} INFO - Executing <Task(BashOperator): run_etl_script> on 2025-06-16 13:30:24.846541+00:00
[2025-06-16T13:30:53.332+0000] {warnings.py:110} WARNING - /home/airflow/.local/lib/python3.12/site-packages/airflow/task/task_runner/standard_task_runner.py:61: DeprecationWarning: This process (pid=258) is multi-threaded, use of fork() may lead to deadlocks in the child.
  pid = os.fork()

[2025-06-16T13:30:53.332+0000] {standard_task_runner.py:90} INFO - Running: ['airflow', 'tasks', 'run', 'etl_brazil_pipeline', 'run_etl_script', 'manual__2025-06-16T13:30:24.846541+00:00', '--job-id', '54', '--raw', '--subdir', 'DAGS_FOLDER/etl_brazil_pipeline.py', '--cfg-path', '/tmp/tmpa2xfny7b']
[2025-06-16T13:30:53.356+0000] {standard_task_runner.py:63} INFO - Started process 288 to run task
[2025-06-16T13:30:53.357+0000] {standard_task_runner.py:91} INFO - Job 54: Subtask run_etl_script
[2025-06-16T13:30:53.614+0000] {warnings.py:110} WARNING - /home/airflow/.local/lib/python3.12/site-packages/airflow/settings.py:195: DeprecationWarning: The sql_alchemy_conn option in [core] has been moved to the sql_alchemy_conn option in [database] - the old setting has been used, but please update your config.
  SQL_ALCHEMY_CONN = conf.get("database", "SQL_ALCHEMY_CONN")

[2025-06-16T13:30:54.112+0000] {task_command.py:426} INFO - Running <TaskInstance: etl_brazil_pipeline.run_etl_script manual__2025-06-16T13:30:24.846541+00:00 [running]> on host e74b257ce696
[2025-06-16T13:30:54.929+0000] {taskinstance.py:2648} INFO - Exporting env vars: AIRFLOW_CTX_DAG_OWNER='vaishnavi' AIRFLOW_CTX_DAG_ID='etl_brazil_pipeline' AIRFLOW_CTX_TASK_ID='run_etl_script' AIRFLOW_CTX_EXECUTION_DATE='2025-06-16T13:30:24.846541+00:00' AIRFLOW_CTX_TRY_NUMBER='1' AIRFLOW_CTX_DAG_RUN_ID='manual__2025-06-16T13:30:24.846541+00:00'
[2025-06-16T13:30:54.956+0000] {taskinstance.py:430} INFO - ::endgroup::
[2025-06-16T13:30:55.240+0000] {subprocess.py:63} INFO - Tmp dir root location: /tmp
[2025-06-16T13:30:55.278+0000] {subprocess.py:75} INFO - Running command: ['/usr/bin/bash', '-c', 'python3 /opt/airflow/src/etl/brazil_etl.py']
[2025-06-16T13:30:55.489+0000] {subprocess.py:86} INFO - Output:
[2025-06-16T13:31:01.270+0000] {subprocess.py:93} INFO - /home/airflow/.local/lib/python3.12/site-packages/pandera/_pandas_deprecated.py:146: FutureWarning: Importing pandas-specific classes and functions from the
[2025-06-16T13:31:01.272+0000] {subprocess.py:93} INFO - top-level pandera module will be **removed in a future version of pandera**.
[2025-06-16T13:31:01.272+0000] {subprocess.py:93} INFO - If you're using pandera to validate pandas objects, we highly recommend updating
[2025-06-16T13:31:01.273+0000] {subprocess.py:93} INFO - your import:
[2025-06-16T13:31:01.274+0000] {subprocess.py:93} INFO - 
[2025-06-16T13:31:01.276+0000] {subprocess.py:93} INFO - ```
[2025-06-16T13:31:01.277+0000] {subprocess.py:93} INFO - # old import
[2025-06-16T13:31:01.277+0000] {subprocess.py:93} INFO - import pandera as pa
[2025-06-16T13:31:01.278+0000] {subprocess.py:93} INFO - 
[2025-06-16T13:31:01.279+0000] {subprocess.py:93} INFO - # new import
[2025-06-16T13:31:01.279+0000] {subprocess.py:93} INFO - import pandera.pandas as pa
[2025-06-16T13:31:01.280+0000] {subprocess.py:93} INFO - ```
[2025-06-16T13:31:01.280+0000] {subprocess.py:93} INFO - 
[2025-06-16T13:31:01.281+0000] {subprocess.py:93} INFO - If you're using pandera to validate objects from other compatible libraries
[2025-06-16T13:31:01.282+0000] {subprocess.py:93} INFO - like pyspark or polars, see the supported libraries section of the documentation
[2025-06-16T13:31:01.282+0000] {subprocess.py:93} INFO - for more information on how to import pandera:
[2025-06-16T13:31:01.283+0000] {subprocess.py:93} INFO - 
[2025-06-16T13:31:01.283+0000] {subprocess.py:93} INFO - https://pandera.readthedocs.io/en/stable/supported_libraries.html
[2025-06-16T13:31:01.284+0000] {subprocess.py:93} INFO - 
[2025-06-16T13:31:01.284+0000] {subprocess.py:93} INFO - To disable this warning, set the environment variable:
[2025-06-16T13:31:01.285+0000] {subprocess.py:93} INFO - 
[2025-06-16T13:31:01.286+0000] {subprocess.py:93} INFO - ```
[2025-06-16T13:31:01.286+0000] {subprocess.py:93} INFO - export DISABLE_PANDERA_IMPORT_WARNING=True
[2025-06-16T13:31:01.287+0000] {subprocess.py:93} INFO - ```
[2025-06-16T13:31:01.287+0000] {subprocess.py:93} INFO - 
[2025-06-16T13:31:01.289+0000] {subprocess.py:93} INFO -   warnings.warn(_future_warning, FutureWarning)
[2025-06-16T13:32:50.996+0000] {subprocess.py:93} INFO - 
[2025-06-16T13:32:51.140+0000] {subprocess.py:93} INFO - 📥 Reading /opt/airflow/data/raw/olist_customers_dataset.csv
[2025-06-16T13:32:51.142+0000] {subprocess.py:93} INFO - 🧹 Cleaning 'customers' dataset...
[2025-06-16T13:32:51.148+0000] {subprocess.py:93} INFO - 🗄️  Loading 'customers' into PostgreSQL...
[2025-06-16T13:32:51.153+0000] {subprocess.py:93} INFO - ✅ Successfully loaded 'olist_customers_dataset' into 'customers'
[2025-06-16T13:32:51.155+0000] {subprocess.py:93} INFO - 
[2025-06-16T13:32:51.157+0000] {subprocess.py:93} INFO - 📥 Reading /opt/airflow/data/raw/olist_geolocation_dataset.csv
[2025-06-16T13:32:51.159+0000] {subprocess.py:93} INFO - 🧹 Cleaning 'geolocation' dataset...
[2025-06-16T13:32:51.162+0000] {subprocess.py:93} INFO - 🗄️  Loading 'geolocation' into PostgreSQL...
[2025-06-16T13:32:51.165+0000] {subprocess.py:93} INFO - ✅ Successfully loaded 'olist_geolocation_dataset' into 'geolocation'
[2025-06-16T13:32:51.167+0000] {subprocess.py:93} INFO - 
[2025-06-16T13:32:51.169+0000] {subprocess.py:93} INFO - 📥 Reading /opt/airflow/data/raw/olist_orders_dataset.csv
[2025-06-16T13:32:51.172+0000] {subprocess.py:93} INFO - 🧹 Cleaning 'orders' dataset...
[2025-06-16T13:32:51.175+0000] {subprocess.py:93} INFO - 🗄️  Loading 'orders' into PostgreSQL...
[2025-06-16T13:32:51.176+0000] {subprocess.py:93} INFO - ✅ Successfully loaded 'olist_orders_dataset' into 'orders'
[2025-06-16T13:32:51.178+0000] {subprocess.py:93} INFO - 
[2025-06-16T13:32:51.179+0000] {subprocess.py:93} INFO - 📥 Reading /opt/airflow/data/raw/olist_order_items_dataset.csv
[2025-06-16T13:32:51.182+0000] {subprocess.py:93} INFO - 🧹 Cleaning 'order_items' dataset...
[2025-06-16T13:32:51.184+0000] {subprocess.py:93} INFO - 🗄️  Loading 'order_items' into PostgreSQL...
[2025-06-16T13:32:51.186+0000] {subprocess.py:93} INFO - ✅ Successfully loaded 'olist_order_items_dataset' into 'order_items'
[2025-06-16T13:32:51.187+0000] {subprocess.py:93} INFO - 
[2025-06-16T13:32:51.189+0000] {subprocess.py:93} INFO - 📥 Reading /opt/airflow/data/raw/olist_order_payments_dataset.csv
[2025-06-16T13:32:51.190+0000] {subprocess.py:93} INFO - 🧹 Cleaning 'order_payments' dataset...
[2025-06-16T13:32:51.193+0000] {subprocess.py:93} INFO - 🗄️  Loading 'order_payments' into PostgreSQL...
[2025-06-16T13:32:51.195+0000] {subprocess.py:93} INFO - ✅ Successfully loaded 'olist_order_payments_dataset' into 'order_payments'
[2025-06-16T13:32:51.196+0000] {subprocess.py:93} INFO - 
[2025-06-16T13:32:51.198+0000] {subprocess.py:93} INFO - 📥 Reading /opt/airflow/data/raw/olist_order_reviews_dataset.csv
[2025-06-16T13:32:51.199+0000] {subprocess.py:93} INFO - 🧹 Cleaning 'order_reviews' dataset...
[2025-06-16T13:32:51.201+0000] {subprocess.py:93} INFO - 🗄️  Loading 'order_reviews' into PostgreSQL...
[2025-06-16T13:32:51.203+0000] {subprocess.py:93} INFO - ✅ Successfully loaded 'olist_order_reviews_dataset' into 'order_reviews'
[2025-06-16T13:32:51.205+0000] {subprocess.py:93} INFO - 
[2025-06-16T13:32:51.206+0000] {subprocess.py:93} INFO - 📥 Reading /opt/airflow/data/raw/olist_products_dataset.csv
[2025-06-16T13:32:51.208+0000] {subprocess.py:93} INFO - 🧹 Cleaning 'products' dataset...
[2025-06-16T13:32:51.210+0000] {subprocess.py:93} INFO - 🗄️  Loading 'products' into PostgreSQL...
[2025-06-16T13:32:51.211+0000] {subprocess.py:93} INFO - ✅ Successfully loaded 'olist_products_dataset' into 'products'
[2025-06-16T13:32:51.213+0000] {subprocess.py:93} INFO - 
[2025-06-16T13:32:51.214+0000] {subprocess.py:93} INFO - 📥 Reading /opt/airflow/data/raw/olist_sellers_dataset.csv
[2025-06-16T13:32:51.215+0000] {subprocess.py:93} INFO - 🧹 Cleaning 'sellers' dataset...
[2025-06-16T13:32:51.216+0000] {subprocess.py:93} INFO - 🗄️  Loading 'sellers' into PostgreSQL...
[2025-06-16T13:32:51.218+0000] {subprocess.py:93} INFO - ✅ Successfully loaded 'olist_sellers_dataset' into 'sellers'
[2025-06-16T13:32:51.218+0000] {subprocess.py:93} INFO - 
[2025-06-16T13:32:51.220+0000] {subprocess.py:93} INFO - 📥 Reading /opt/airflow/data/raw/product_category_name_translation.csv
[2025-06-16T13:32:51.221+0000] {subprocess.py:93} INFO - 🧹 Cleaning 'category_translation' dataset...
[2025-06-16T13:32:51.221+0000] {subprocess.py:93} INFO - 🗄️  Loading 'category_translation' into PostgreSQL...
[2025-06-16T13:32:51.224+0000] {subprocess.py:93} INFO - ✅ Successfully loaded 'product_category_name_translation' into 'category_translation'
[2025-06-16T13:32:51.752+0000] {subprocess.py:97} INFO - Command exited with return code 0
[2025-06-16T13:32:51.806+0000] {taskinstance.py:441} INFO - ::group::Post task execution logs
[2025-06-16T13:32:52.608+0000] {taskinstance.py:1206} INFO - Marking task as SUCCESS. dag_id=etl_brazil_pipeline, task_id=run_etl_script, run_id=manual__2025-06-16T13:30:24.846541+00:00, execution_date=20250616T133024, start_date=20250616T133053, end_date=20250616T133252
[2025-06-16T13:32:52.892+0000] {local_task_job_runner.py:240} INFO - Task exited with return code 0
[2025-06-16T13:32:53.247+0000] {taskinstance.py:3498} INFO - 0 downstream tasks scheduled from follow-on schedule check
[2025-06-16T13:32:53.252+0000] {local_task_job_runner.py:222} INFO - ::endgroup::
