[2025-06-16T14:45:49.228+0000] {local_task_job_runner.py:120} INFO - ::group::Pre task execution logs
[2025-06-16T14:45:49.335+0000] {taskinstance.py:2076} INFO - Dependencies all met for dep_context=non-requeueable deps ti=<TaskInstance: etl_brazil_pipeline.run_dbt_models manual__2025-06-16T14:37:26.407631+00:00 [queued]>
[2025-06-16T14:45:49.362+0000] {taskinstance.py:2076} INFO - Dependencies all met for dep_context=requeueable deps ti=<TaskInstance: etl_brazil_pipeline.run_dbt_models manual__2025-06-16T14:37:26.407631+00:00 [queued]>
[2025-06-16T14:45:49.364+0000] {taskinstance.py:2306} INFO - Starting attempt 1 of 2
[2025-06-16T14:45:49.396+0000] {taskinstance.py:2330} INFO - Executing <Task(BashOperator): run_dbt_models> on 2025-06-16 14:37:26.407631+00:00
[2025-06-16T14:45:49.456+0000] {standard_task_runner.py:90} INFO - Running: ['airflow', 'tasks', 'run', 'etl_brazil_pipeline', 'run_dbt_models', 'manual__2025-06-16T14:37:26.407631+00:00', '--job-id', '71', '--raw', '--subdir', 'DAGS_FOLDER/etl_brazil_pipeline.py', '--cfg-path', '/tmp/tmpu6ca2v0w']
[2025-06-16T14:45:49.456+0000] {warnings.py:110} WARNING - /home/airflow/.local/lib/python3.12/site-packages/airflow/task/task_runner/standard_task_runner.py:61: DeprecationWarning: This process (pid=637) is multi-threaded, use of fork() may lead to deadlocks in the child.
  pid = os.fork()

[2025-06-16T14:45:49.467+0000] {standard_task_runner.py:63} INFO - Started process 656 to run task
[2025-06-16T14:45:49.466+0000] {standard_task_runner.py:91} INFO - Job 71: Subtask run_dbt_models
[2025-06-16T14:45:49.951+0000] {warnings.py:110} WARNING - /home/airflow/.local/lib/python3.12/site-packages/airflow/settings.py:195: DeprecationWarning: The sql_alchemy_conn option in [core] has been moved to the sql_alchemy_conn option in [database] - the old setting has been used, but please update your config.
  SQL_ALCHEMY_CONN = conf.get("database", "SQL_ALCHEMY_CONN")

[2025-06-16T14:45:50.422+0000] {task_command.py:426} INFO - Running <TaskInstance: etl_brazil_pipeline.run_dbt_models manual__2025-06-16T14:37:26.407631+00:00 [running]> on host 6914c8f0cd20
[2025-06-16T14:45:51.463+0000] {taskinstance.py:2648} INFO - Exporting env vars: AIRFLOW_CTX_DAG_OWNER='vaishnavi' AIRFLOW_CTX_DAG_ID='etl_brazil_pipeline' AIRFLOW_CTX_TASK_ID='run_dbt_models' AIRFLOW_CTX_EXECUTION_DATE='2025-06-16T14:37:26.407631+00:00' AIRFLOW_CTX_TRY_NUMBER='1' AIRFLOW_CTX_DAG_RUN_ID='manual__2025-06-16T14:37:26.407631+00:00'
[2025-06-16T14:45:51.469+0000] {taskinstance.py:430} INFO - ::endgroup::
[2025-06-16T14:45:51.570+0000] {subprocess.py:63} INFO - Tmp dir root location: /tmp
[2025-06-16T14:45:51.585+0000] {subprocess.py:75} INFO - Running command: ['/usr/bin/bash', '-c', 'cd /opt/airflow/dbt_project && /home/airflow/.local/bin/dbt run']
[2025-06-16T14:45:51.633+0000] {subprocess.py:86} INFO - Output:
[2025-06-16T14:45:58.227+0000] {subprocess.py:93} INFO - [0m14:45:58  Running with dbt=1.7.9
[2025-06-16T14:45:59.393+0000] {subprocess.py:93} INFO - [0m14:45:59  Registered adapter: ***=1.7.9
[2025-06-16T14:46:00.890+0000] {subprocess.py:93} INFO - [0m14:46:00  Found 11 models, 19 tests, 0 sources, 0 exposures, 0 metrics, 401 macros, 0 groups, 0 semantic models
[2025-06-16T14:46:00.910+0000] {subprocess.py:93} INFO - [0m14:46:00
[2025-06-16T14:46:01.260+0000] {subprocess.py:93} INFO - [0m14:46:01  Concurrency: 2 threads (target='dev')
[2025-06-16T14:46:01.263+0000] {subprocess.py:93} INFO - [0m14:46:01
[2025-06-16T14:46:01.295+0000] {subprocess.py:93} INFO - [0m14:46:01  1 of 11 START sql table model public.my_first_dbt_model ........................ [RUN]
[2025-06-16T14:46:01.300+0000] {subprocess.py:93} INFO - [0m14:46:01  2 of 11 START sql view model public.stg_category_translation ................... [RUN]
[2025-06-16T14:46:01.967+0000] {subprocess.py:93} INFO - [0m14:46:01  2 of 11 OK created sql view model public.stg_category_translation .............. [[32mCREATE VIEW[0m in 0.64s]
[2025-06-16T14:46:01.974+0000] {subprocess.py:93} INFO - [0m14:46:01  1 of 11 OK created sql table model public.my_first_dbt_model ................... [[32mSELECT 2[0m in 0.66s]
[2025-06-16T14:46:02.002+0000] {subprocess.py:93} INFO - [0m14:46:02  3 of 11 START sql view model public.stg_customers .............................. [RUN]
[2025-06-16T14:46:02.009+0000] {subprocess.py:93} INFO - [0m14:46:02  4 of 11 START sql view model public.stg_geolocation ............................ [RUN]
[2025-06-16T14:46:02.500+0000] {subprocess.py:93} INFO - [0m14:46:02  3 of 11 OK created sql view model public.stg_customers ......................... [[32mCREATE VIEW[0m in 0.47s]
[2025-06-16T14:46:02.536+0000] {subprocess.py:93} INFO - [0m14:46:02  5 of 11 START sql view model public.stg_order_items ............................ [RUN]
[2025-06-16T14:46:02.542+0000] {subprocess.py:93} INFO - [0m14:46:02  4 of 11 OK created sql view model public.stg_geolocation ....................... [[32mCREATE VIEW[0m in 0.51s]
[2025-06-16T14:46:02.578+0000] {subprocess.py:93} INFO - [0m14:46:02  6 of 11 START sql view model public.stg_order_payments ......................... [RUN]
[2025-06-16T14:46:02.987+0000] {subprocess.py:93} INFO - [0m14:46:02  5 of 11 OK created sql view model public.stg_order_items ....................... [[32mCREATE VIEW[0m in 0.43s]
[2025-06-16T14:46:02.994+0000] {subprocess.py:93} INFO - [0m14:46:02  6 of 11 OK created sql view model public.stg_order_payments .................... [[32mCREATE VIEW[0m in 0.40s]
[2025-06-16T14:46:03.037+0000] {subprocess.py:93} INFO - [0m14:46:03  7 of 11 START sql view model public.stg_order_reviews .......................... [RUN]
[2025-06-16T14:46:03.044+0000] {subprocess.py:93} INFO - [0m14:46:03  8 of 11 START sql view model public.stg_orders ................................. [RUN]
[2025-06-16T14:46:03.835+0000] {subprocess.py:93} INFO - [0m14:46:03  7 of 11 OK created sql view model public.stg_order_reviews ..................... [[32mCREATE VIEW[0m in 0.78s]
[2025-06-16T14:46:03.839+0000] {subprocess.py:93} INFO - [0m14:46:03  8 of 11 OK created sql view model public.stg_orders ............................ [[32mCREATE VIEW[0m in 0.77s]
[2025-06-16T14:46:03.860+0000] {subprocess.py:93} INFO - [0m14:46:03  9 of 11 START sql view model public.stg_products ............................... [RUN]
[2025-06-16T14:46:03.864+0000] {subprocess.py:93} INFO - [0m14:46:03  10 of 11 START sql view model public.stg_sellers ............................... [RUN]
[2025-06-16T14:46:04.320+0000] {subprocess.py:93} INFO - [0m14:46:04  10 of 11 OK created sql view model public.stg_sellers .......................... [[32mCREATE VIEW[0m in 0.43s]
[2025-06-16T14:46:04.326+0000] {subprocess.py:93} INFO - [0m14:46:04  9 of 11 OK created sql view model public.stg_products .......................... [[32mCREATE VIEW[0m in 0.45s]
[2025-06-16T14:46:04.348+0000] {subprocess.py:93} INFO - [0m14:46:04  11 of 11 START sql view model public.my_second_dbt_model ....................... [RUN]
[2025-06-16T14:46:04.588+0000] {subprocess.py:93} INFO - [0m14:46:04  11 of 11 OK created sql view model public.my_second_dbt_model .................. [[32mCREATE VIEW[0m in 0.23s]
[2025-06-16T14:46:04.664+0000] {subprocess.py:93} INFO - [0m14:46:04
[2025-06-16T14:46:04.669+0000] {subprocess.py:93} INFO - [0m14:46:04  Finished running 10 view models, 1 table model in 0 hours 0 minutes and 3.75 seconds (3.75s).
[2025-06-16T14:46:04.763+0000] {subprocess.py:93} INFO - [0m14:46:04
[2025-06-16T14:46:04.768+0000] {subprocess.py:93} INFO - [0m14:46:04  [32mCompleted successfully[0m
[2025-06-16T14:46:04.773+0000] {subprocess.py:93} INFO - [0m14:46:04
[2025-06-16T14:46:04.778+0000] {subprocess.py:93} INFO - [0m14:46:04  Done. PASS=11 WARN=0 ERROR=0 SKIP=0 TOTAL=11
[2025-06-16T14:46:06.524+0000] {subprocess.py:97} INFO - Command exited with return code 0
[2025-06-16T14:46:06.528+0000] {taskinstance.py:441} INFO - ::group::Post task execution logs
[2025-06-16T14:46:06.616+0000] {taskinstance.py:1206} INFO - Marking task as SUCCESS. dag_id=etl_brazil_pipeline, task_id=run_dbt_models, run_id=manual__2025-06-16T14:37:26.407631+00:00, execution_date=20250616T143726, start_date=20250616T144549, end_date=20250616T144606
[2025-06-16T14:46:06.711+0000] {local_task_job_runner.py:240} INFO - Task exited with return code 0
[2025-06-16T14:46:06.770+0000] {taskinstance.py:3498} INFO - 1 downstream tasks scheduled from follow-on schedule check
[2025-06-16T14:46:06.776+0000] {local_task_job_runner.py:222} INFO - ::endgroup::
